[17:06:14] SISTEMA: Cambiado planificador a: FCFS - Sistema
[18:48:56] MEMORIA: Proceso cargado en memoria - Proceso1 (P1) - PC: 0/10 - Estado: NUEVO
[18:48:56] SISTEMA: Proceso agregado a cola de listos - Proceso1 (P1) - PC: 0/10 - Estado: LISTO
[18:49:02] SISTEMA: Simulación iniciada - Sistema
[18:49:02] INTERFAZ: Simulación iniciada por usuario - Sistema
[18:49:03] PLANIFICADOR: FCFS selecciona: Proceso1 - Proceso1 (P1) - PC: 0/10 - Estado: LISTO
[18:49:04] PLANIFICADOR: FCFS selecciona: Proceso1 - Proceso1 (P1) - PC: 1/10 - Estado: LISTO
[18:49:05] PLANIFICADOR: FCFS selecciona: Proceso1 - Proceso1 (P1) - PC: 2/10 - Estado: LISTO
[18:49:06] PLANIFICADOR: FCFS selecciona: Proceso1 - Proceso1 (P1) - PC: 3/10 - Estado: LISTO
[18:49:07] PLANIFICADOR: FCFS selecciona: Proceso1 - Proceso1 (P1) - PC: 4/10 - Estado: LISTO
[18:49:08] PLANIFICADOR: FCFS selecciona: Proceso1 - Proceso1 (P1) - PC: 5/10 - Estado: LISTO
[18:49:09] PLANIFICADOR: FCFS selecciona: Proceso1 - Proceso1 (P1) - PC: 6/10 - Estado: LISTO
[18:49:10] PLANIFICADOR: FCFS selecciona: Proceso1 - Proceso1 (P1) - PC: 7/10 - Estado: LISTO
[18:49:11] PLANIFICADOR: FCFS selecciona: Proceso1 - Proceso1 (P1) - PC: 8/10 - Estado: LISTO
[18:49:12] PLANIFICADOR: FCFS selecciona: Proceso1 - Proceso1 (P1) - PC: 9/10 - Estado: LISTO
[18:49:12] TERMINACION: Proceso terminado - Proceso1 (P1) - PC: 10/10 - Estado: TERMINADO
[18:49:13] PLANIFICADOR: FCFS selecciona: Proceso1 - Proceso1 (P1) - PC: 10/10 - Estado: TERMINADO
[18:49:13] TERMINACION: Proceso terminado - Proceso1 (P1) - PC: 10/10 - Estado: TERMINADO
[18:49:14] PLANIFICADOR: FCFS selecciona: Proceso1 - Proceso1 (P1) - PC: 10/10 - Estado: TERMINADO
[18:49:14] TERMINACION: Proceso terminado - Proceso1 (P1) - PC: 10/10 - Estado: TERMINADO
[18:49:15] PLANIFICADOR: FCFS selecciona: Proceso1 - Proceso1 (P1) - PC: 10/10 - Estado: TERMINADO
[18:49:15] TERMINACION: Proceso terminado - Proceso1 (P1) - PC: 10/10 - Estado: TERMINADO
[18:49:16] PLANIFICADOR: FCFS selecciona: Proceso1 - Proceso1 (P1) - PC: 10/10 - Estado: TERMINADO
[18:49:16] TERMINACION: Proceso terminado - Proceso1 (P1) - PC: 10/10 - Estado: TERMINADO
[18:49:17] PLANIFICADOR: FCFS selecciona: Proceso1 - Proceso1 (P1) - PC: 10/10 - Estado: TERMINADO
[18:49:17] TERMINACION: Proceso terminado - Proceso1 (P1) - PC: 10/10 - Estado: TERMINADO
[18:49:18] PLANIFICADOR: FCFS selecciona: Proceso1 - Proceso1 (P1) - PC: 10/10 - Estado: TERMINADO
[18:49:18] TERMINACION: Proceso terminado - Proceso1 (P1) - PC: 10/10 - Estado: TERMINADO
[18:49:19] PLANIFICADOR: FCFS selecciona: Proceso1 - Proceso1 (P1) - PC: 10/10 - Estado: TERMINADO
[18:49:19] TERMINACION: Proceso terminado - Proceso1 (P1) - PC: 10/10 - Estado: TERMINADO
[18:49:20] PLANIFICADOR: FCFS selecciona: Proceso1 - Proceso1 (P1) - PC: 10/10 - Estado: TERMINADO
[18:49:20] TERMINACION: Proceso terminado - Proceso1 (P1) - PC: 10/10 - Estado: TERMINADO
[18:49:21] PLANIFICADOR: FCFS selecciona: Proceso1 - Proceso1 (P1) - PC: 10/10 - Estado: TERMINADO
[18:49:21] TERMINACION: Proceso terminado - Proceso1 (P1) - PC: 10/10 - Estado: TERMINADO
[18:49:22] PLANIFICADOR: FCFS selecciona: Proceso1 - Proceso1 (P1) - PC: 10/10 - Estado: TERMINADO
[18:49:22] TERMINACION: Proceso terminado - Proceso1 (P1) - PC: 10/10 - Estado: TERMINADO
[18:49:23] PLANIFICADOR: FCFS selecciona: Proceso1 - Proceso1 (P1) - PC: 10/10 - Estado: TERMINADO
[18:49:23] TERMINACION: Proceso terminado - Proceso1 (P1) - PC: 10/10 - Estado: TERMINADO
[18:49:24] PLANIFICADOR: FCFS selecciona: Proceso1 - Proceso1 (P1) - PC: 10/10 - Estado: TERMINADO
[18:49:24] TERMINACION: Proceso terminado - Proceso1 (P1) - PC: 10/10 - Estado: TERMINADO
[18:49:25] PLANIFICADOR: FCFS selecciona: Proceso1 - Proceso1 (P1) - PC: 10/10 - Estado: TERMINADO
[18:49:25] TERMINACION: Proceso terminado - Proceso1 (P1) - PC: 10/10 - Estado: TERMINADO
[18:49:26] PLANIFICADOR: FCFS selecciona: Proceso1 - Proceso1 (P1) - PC: 10/10 - Estado: TERMINADO
[18:49:26] TERMINACION: Proceso terminado - Proceso1 (P1) - PC: 10/10 - Estado: TERMINADO
[18:49:27] PLANIFICADOR: FCFS selecciona: Proceso1 - Proceso1 (P1) - PC: 10/10 - Estado: TERMINADO
[18:49:27] TERMINACION: Proceso terminado - Proceso1 (P1) - PC: 10/10 - Estado: TERMINADO
[18:49:28] PLANIFICADOR: FCFS selecciona: Proceso1 - Proceso1 (P1) - PC: 10/10 - Estado: TERMINADO
[18:49:28] TERMINACION: Proceso terminado - Proceso1 (P1) - PC: 10/10 - Estado: TERMINADO
[18:49:29] PLANIFICADOR: FCFS selecciona: Proceso1 - Proceso1 (P1) - PC: 10/10 - Estado: TERMINADO
[18:49:29] TERMINACION: Proceso terminado - Proceso1 (P1) - PC: 10/10 - Estado: TERMINADO
[18:49:30] PLANIFICADOR: FCFS selecciona: Proceso1 - Proceso1 (P1) - PC: 10/10 - Estado: TERMINADO
[18:49:30] TERMINACION: Proceso terminado - Proceso1 (P1) - PC: 10/10 - Estado: TERMINADO
[18:49:31] PLANIFICADOR: FCFS selecciona: Proceso1 - Proceso1 (P1) - PC: 10/10 - Estado: TERMINADO
[18:49:31] TERMINACION: Proceso terminado - Proceso1 (P1) - PC: 10/10 - Estado: TERMINADO
[18:49:32] PLANIFICADOR: FCFS selecciona: Proceso1 - Proceso1 (P1) - PC: 10/10 - Estado: TERMINADO
[18:49:32] TERMINACION: Proceso terminado - Proceso1 (P1) - PC: 10/10 - Estado: TERMINADO
[18:49:33] PLANIFICADOR: FCFS selecciona: Proceso1 - Proceso1 (P1) - PC: 10/10 - Estado: TERMINADO
[18:49:33] TERMINACION: Proceso terminado - Proceso1 (P1) - PC: 10/10 - Estado: TERMINADO
[18:49:34] PLANIFICADOR: FCFS selecciona: Proceso1 - Proceso1 (P1) - PC: 10/10 - Estado: TERMINADO
[18:49:34] TERMINACION: Proceso terminado - Proceso1 (P1) - PC: 10/10 - Estado: TERMINADO
[18:49:35] PLANIFICADOR: FCFS selecciona: Proceso1 - Proceso1 (P1) - PC: 10/10 - Estado: TERMINADO
[18:49:35] TERMINACION: Proceso terminado - Proceso1 (P1) - PC: 10/10 - Estado: TERMINADO
[18:49:36] PLANIFICADOR: FCFS selecciona: Proceso1 - Proceso1 (P1) - PC: 10/10 - Estado: TERMINADO
[18:49:36] TERMINACION: Proceso terminado - Proceso1 (P1) - PC: 10/10 - Estado: TERMINADO
[18:49:37] PLANIFICADOR: FCFS selecciona: Proceso1 - Proceso1 (P1) - PC: 10/10 - Estado: TERMINADO
[18:49:37] TERMINACION: Proceso terminado - Proceso1 (P1) - PC: 10/10 - Estado: TERMINADO
[18:49:38] PLANIFICADOR: FCFS selecciona: Proceso1 - Proceso1 (P1) - PC: 10/10 - Estado: TERMINADO
[18:49:38] TERMINACION: Proceso terminado - Proceso1 (P1) - PC: 10/10 - Estado: TERMINADO
[18:49:39] PLANIFICADOR: FCFS selecciona: Proceso1 - Proceso1 (P1) - PC: 10/10 - Estado: TERMINADO
[18:49:39] TERMINACION: Proceso terminado - Proceso1 (P1) - PC: 10/10 - Estado: TERMINADO
[18:49:40] PLANIFICADOR: FCFS selecciona: Proceso1 - Proceso1 (P1) - PC: 10/10 - Estado: TERMINADO
[18:49:40] TERMINACION: Proceso terminado - Proceso1 (P1) - PC: 10/10 - Estado: TERMINADO
[18:49:40] SISTEMA: Simulación pausada - Sistema
[18:49:45] SISTEMA: Simulación reanudada - Sistema
[18:49:45] PLANIFICADOR: FCFS selecciona: Proceso1 - Proceso1 (P1) - PC: 10/10 - Estado: TERMINADO
[18:49:45] TERMINACION: Proceso terminado - Proceso1 (P1) - PC: 10/10 - Estado: TERMINADO
[18:49:45] PLANIFICADOR: FCFS selecciona: Proceso1 - Proceso1 (P1) - PC: 10/10 - Estado: TERMINADO
[18:49:45] TERMINACION: Proceso terminado - Proceso1 (P1) - PC: 10/10 - Estado: TERMINADO
[18:49:46] PLANIFICADOR: FCFS selecciona: Proceso1 - Proceso1 (P1) - PC: 10/10 - Estado: TERMINADO
[18:49:46] TERMINACION: Proceso terminado - Proceso1 (P1) - PC: 10/10 - Estado: TERMINADO
[18:49:46] PLANIFICADOR: FCFS selecciona: Proceso1 - Proceso1 (P1) - PC: 10/10 - Estado: TERMINADO
[18:49:46] TERMINACION: Proceso terminado - Proceso1 (P1) - PC: 10/10 - Estado: TERMINADO
[18:49:46] PLANIFICADOR: FCFS selecciona: Proceso1 - Proceso1 (P1) - PC: 10/10 - Estado: TERMINADO
[18:49:46] TERMINACION: Proceso terminado - Proceso1 (P1) - PC: 10/10 - Estado: TERMINADO
[18:49:46] PLANIFICADOR: FCFS selecciona: Proceso1 - Proceso1 (P1) - PC: 10/10 - Estado: TERMINADO
[18:49:46] TERMINACION: Proceso terminado - Proceso1 (P1) - PC: 10/10 - Estado: TERMINADO
[18:49:46] PLANIFICADOR: FCFS selecciona: Proceso1 - Proceso1 (P1) - PC: 10/10 - Estado: TERMINADO
[18:49:46] TERMINACION: Proceso terminado - Proceso1 (P1) - PC: 10/10 - Estado: TERMINADO
[18:49:46] PLANIFICADOR: FCFS selecciona: Proceso1 - Proceso1 (P1) - PC: 10/10 - Estado: TERMINADO
[18:49:46] TERMINACION: Proceso terminado - Proceso1 (P1) - PC: 10/10 - Estado: TERMINADO
[18:49:46] PLANIFICADOR: FCFS selecciona: Proceso1 - Proceso1 (P1) - PC: 10/10 - Estado: TERMINADO
[18:49:46] TERMINACION: Proceso terminado - Proceso1 (P1) - PC: 10/10 - Estado: TERMINADO
[18:49:46] PLANIFICADOR: FCFS selecciona: Proceso1 - Proceso1 (P1) - PC: 10/10 - Estado: TERMINADO
[18:49:46] TERMINACION: Proceso terminado - Proceso1 (P1) - PC: 10/10 - Estado: TERMINADO
[18:49:46] PLANIFICADOR: FCFS selecciona: Proceso1 - Proceso1 (P1) - PC: 10/10 - Estado: TERMINADO
[18:49:46] TERMINACION: Proceso terminado - Proceso1 (P1) - PC: 10/10 - Estado: TERMINADO
[18:49:46] PLANIFICADOR: FCFS selecciona: Proceso1 - Proceso1 (P1) - PC: 10/10 - Estado: TERMINADO
[18:49:46] TERMINACION: Proceso terminado - Proceso1 (P1) - PC: 10/10 - Estado: TERMINADO
[18:49:47] PLANIFICADOR: FCFS selecciona: Proceso1 - Proceso1 (P1) - PC: 10/10 - Estado: TERMINADO
[18:49:47] TERMINACION: Proceso terminado - Proceso1 (P1) - PC: 10/10 - Estado: TERMINADO
[18:49:47] PLANIFICADOR: FCFS selecciona: Proceso1 - Proceso1 (P1) - PC: 10/10 - Estado: TERMINADO
[18:49:47] TERMINACION: Proceso terminado - Proceso1 (P1) - PC: 10/10 - Estado: TERMINADO
[18:49:47] PLANIFICADOR: FCFS selecciona: Proceso1 - Proceso1 (P1) - PC: 10/10 - Estado: TERMINADO
[18:49:47] TERMINACION: Proceso terminado - Proceso1 (P1) - PC: 10/10 - Estado: TERMINADO
[18:49:47] PLANIFICADOR: FCFS selecciona: Proceso1 - Proceso1 (P1) - PC: 10/10 - Estado: TERMINADO
[18:49:47] TERMINACION: Proceso terminado - Proceso1 (P1) - PC: 10/10 - Estado: TERMINADO
[18:49:47] PLANIFICADOR: FCFS selecciona: Proceso1 - Proceso1 (P1) - PC: 10/10 - Estado: TERMINADO
[18:49:47] TERMINACION: Proceso terminado - Proceso1 (P1) - PC: 10/10 - Estado: TERMINADO
[18:49:47] PLANIFICADOR: FCFS selecciona: Proceso1 - Proceso1 (P1) - PC: 10/10 - Estado: TERMINADO
[18:49:47] TERMINACION: Proceso terminado - Proceso1 (P1) - PC: 10/10 - Estado: TERMINADO
[18:49:47] PLANIFICADOR: FCFS selecciona: Proceso1 - Proceso1 (P1) - PC: 10/10 - Estado: TERMINADO
[18:49:47] TERMINACION: Proceso terminado - Proceso1 (P1) - PC: 10/10 - Estado: TERMINADO
[18:49:47] PLANIFICADOR: FCFS selecciona: Proceso1 - Proceso1 (P1) - PC: 10/10 - Estado: TERMINADO
[18:49:47] TERMINACION: Proceso terminado - Proceso1 (P1) - PC: 10/10 - Estado: TERMINADO
[18:49:47] PLANIFICADOR: FCFS selecciona: Proceso1 - Proceso1 (P1) - PC: 10/10 - Estado: TERMINADO
[18:49:47] TERMINACION: Proceso terminado - Proceso1 (P1) - PC: 10/10 - Estado: TERMINADO
[18:49:48] PLANIFICADOR: FCFS selecciona: Proceso1 - Proceso1 (P1) - PC: 10/10 - Estado: TERMINADO
[18:49:48] TERMINACION: Proceso terminado - Proceso1 (P1) - PC: 10/10 - Estado: TERMINADO
[18:49:48] PLANIFICADOR: FCFS selecciona: Proceso1 - Proceso1 (P1) - PC: 10/10 - Estado: TERMINADO
[18:49:48] TERMINACION: Proceso terminado - Proceso1 (P1) - PC: 10/10 - Estado: TERMINADO
[18:49:48] PLANIFICADOR: FCFS selecciona: Proceso1 - Proceso1 (P1) - PC: 10/10 - Estado: TERMINADO
[18:49:48] TERMINACION: Proceso terminado - Proceso1 (P1) - PC: 10/10 - Estado: TERMINADO
[18:49:48] PLANIFICADOR: FCFS selecciona: Proceso1 - Proceso1 (P1) - PC: 10/10 - Estado: TERMINADO
[18:49:48] TERMINACION: Proceso terminado - Proceso1 (P1) - PC: 10/10 - Estado: TERMINADO
[18:49:48] PLANIFICADOR: FCFS selecciona: Proceso1 - Proceso1 (P1) - PC: 10/10 - Estado: TERMINADO
[18:49:48] TERMINACION: Proceso terminado - Proceso1 (P1) - PC: 10/10 - Estado: TERMINADO
[18:49:48] PLANIFICADOR: FCFS selecciona: Proceso1 - Proceso1 (P1) - PC: 10/10 - Estado: TERMINADO
[18:49:48] TERMINACION: Proceso terminado - Proceso1 (P1) - PC: 10/10 - Estado: TERMINADO
[18:49:48] PLANIFICADOR: FCFS selecciona: Proceso1 - Proceso1 (P1) - PC: 10/10 - Estado: TERMINADO
[18:49:48] TERMINACION: Proceso terminado - Proceso1 (P1) - PC: 10/10 - Estado: TERMINADO
[18:49:48] PLANIFICADOR: FCFS selecciona: Proceso1 - Proceso1 (P1) - PC: 10/10 - Estado: TERMINADO
[18:49:48] TERMINACION: Proceso terminado - Proceso1 (P1) - PC: 10/10 - Estado: TERMINADO
[18:49:48] PLANIFICADOR: FCFS selecciona: Proceso1 - Proceso1 (P1) - PC: 10/10 - Estado: TERMINADO
[18:49:48] TERMINACION: Proceso terminado - Proceso1 (P1) - PC: 10/10 - Estado: TERMINADO
[18:49:48] PLANIFICADOR: FCFS selecciona: Proceso1 - Proceso1 (P1) - PC: 10/10 - Estado: TERMINADO
[18:49:48] TERMINACION: Proceso terminado - Proceso1 (P1) - PC: 10/10 - Estado: TERMINADO
[18:49:49] PLANIFICADOR: FCFS selecciona: Proceso1 - Proceso1 (P1) - PC: 10/10 - Estado: TERMINADO
[18:49:49] TERMINACION: Proceso terminado - Proceso1 (P1) - PC: 10/10 - Estado: TERMINADO
[18:49:49] PLANIFICADOR: FCFS selecciona: Proceso1 - Proceso1 (P1) - PC: 10/10 - Estado: TERMINADO
[18:49:49] TERMINACION: Proceso terminado - Proceso1 (P1) - PC: 10/10 - Estado: TERMINADO
[18:49:49] PLANIFICADOR: FCFS selecciona: Proceso1 - Proceso1 (P1) - PC: 10/10 - Estado: TERMINADO
[18:49:49] TERMINACION: Proceso terminado - Proceso1 (P1) - PC: 10/10 - Estado: TERMINADO
[18:49:49] PLANIFICADOR: FCFS selecciona: Proceso1 - Proceso1 (P1) - PC: 10/10 - Estado: TERMINADO
[18:49:49] TERMINACION: Proceso terminado - Proceso1 (P1) - PC: 10/10 - Estado: TERMINADO
[18:49:49] PLANIFICADOR: FCFS selecciona: Proceso1 - Proceso1 (P1) - PC: 10/10 - Estado: TERMINADO
[18:49:49] TERMINACION: Proceso terminado - Proceso1 (P1) - PC: 10/10 - Estado: TERMINADO
[18:49:49] PLANIFICADOR: FCFS selecciona: Proceso1 - Proceso1 (P1) - PC: 10/10 - Estado: TERMINADO
[18:49:49] TERMINACION: Proceso terminado - Proceso1 (P1) - PC: 10/10 - Estado: TERMINADO
[18:49:49] PLANIFICADOR: FCFS selecciona: Proceso1 - Proceso1 (P1) - PC: 10/10 - Estado: TERMINADO
[18:49:49] TERMINACION: Proceso terminado - Proceso1 (P1) - PC: 10/10 - Estado: TERMINADO
[18:49:49] PLANIFICADOR: FCFS selecciona: Proceso1 - Proceso1 (P1) - PC: 10/10 - Estado: TERMINADO
[18:49:49] TERMINACION: Proceso terminado - Proceso1 (P1) - PC: 10/10 - Estado: TERMINADO
[18:49:49] PLANIFICADOR: FCFS selecciona: Proceso1 - Proceso1 (P1) - PC: 10/10 - Estado: TERMINADO
[18:49:49] TERMINACION: Proceso terminado - Proceso1 (P1) - PC: 10/10 - Estado: TERMINADO
[18:49:50] PLANIFICADOR: FCFS selecciona: Proceso1 - Proceso1 (P1) - PC: 10/10 - Estado: TERMINADO
[18:49:50] TERMINACION: Proceso terminado - Proceso1 (P1) - PC: 10/10 - Estado: TERMINADO
[18:49:50] PLANIFICADOR: FCFS selecciona: Proceso1 - Proceso1 (P1) - PC: 10/10 - Estado: TERMINADO
[18:49:50] TERMINACION: Proceso terminado - Proceso1 (P1) - PC: 10/10 - Estado: TERMINADO
[18:49:50] PLANIFICADOR: FCFS selecciona: Proceso1 - Proceso1 (P1) - PC: 10/10 - Estado: TERMINADO
[18:49:50] TERMINACION: Proceso terminado - Proceso1 (P1) - PC: 10/10 - Estado: TERMINADO
[18:49:50] PLANIFICADOR: FCFS selecciona: Proceso1 - Proceso1 (P1) - PC: 10/10 - Estado: TERMINADO
[18:49:50] TERMINACION: Proceso terminado - Proceso1 (P1) - PC: 10/10 - Estado: TERMINADO
[18:49:50] PLANIFICADOR: FCFS selecciona: Proceso1 - Proceso1 (P1) - PC: 10/10 - Estado: TERMINADO
[18:49:50] TERMINACION: Proceso terminado - Proceso1 (P1) - PC: 10/10 - Estado: TERMINADO
[18:49:50] PLANIFICADOR: FCFS selecciona: Proceso1 - Proceso1 (P1) - PC: 10/10 - Estado: TERMINADO
[18:49:50] TERMINACION: Proceso terminado - Proceso1 (P1) - PC: 10/10 - Estado: TERMINADO
[18:49:50] PLANIFICADOR: FCFS selecciona: Proceso1 - Proceso1 (P1) - PC: 10/10 - Estado: TERMINADO
[18:49:50] TERMINACION: Proceso terminado - Proceso1 (P1) - PC: 10/10 - Estado: TERMINADO
[18:49:50] PLANIFICADOR: FCFS selecciona: Proceso1 - Proceso1 (P1) - PC: 10/10 - Estado: TERMINADO
[18:49:50] TERMINACION: Proceso terminado - Proceso1 (P1) - PC: 10/10 - Estado: TERMINADO
[18:49:50] PLANIFICADOR: FCFS selecciona: Proceso1 - Proceso1 (P1) - PC: 10/10 - Estado: TERMINADO
[18:49:50] TERMINACION: Proceso terminado - Proceso1 (P1) - PC: 10/10 - Estado: TERMINADO
[18:49:50] PLANIFICADOR: FCFS selecciona: Proceso1 - Proceso1 (P1) - PC: 10/10 - Estado: TERMINADO
[18:49:50] TERMINACION: Proceso terminado - Proceso1 (P1) - PC: 10/10 - Estado: TERMINADO
[18:49:51] PLANIFICADOR: FCFS selecciona: Proceso1 - Proceso1 (P1) - PC: 10/10 - Estado: TERMINADO
[18:49:51] TERMINACION: Proceso terminado - Proceso1 (P1) - PC: 10/10 - Estado: TERMINADO
[18:49:51] PLANIFICADOR: FCFS selecciona: Proceso1 - Proceso1 (P1) - PC: 10/10 - Estado: TERMINADO
[18:49:51] TERMINACION: Proceso terminado - Proceso1 (P1) - PC: 10/10 - Estado: TERMINADO
[18:49:51] PLANIFICADOR: FCFS selecciona: Proceso1 - Proceso1 (P1) - PC: 10/10 - Estado: TERMINADO
[18:49:51] TERMINACION: Proceso terminado - Proceso1 (P1) - PC: 10/10 - Estado: TERMINADO
[18:49:51] PLANIFICADOR: FCFS selecciona: Proceso1 - Proceso1 (P1) - PC: 10/10 - Estado: TERMINADO
[18:49:51] TERMINACION: Proceso terminado - Proceso1 (P1) - PC: 10/10 - Estado: TERMINADO
[18:49:51] PLANIFICADOR: FCFS selecciona: Proceso1 - Proceso1 (P1) - PC: 10/10 - Estado: TERMINADO
[18:49:51] TERMINACION: Proceso terminado - Proceso1 (P1) - PC: 10/10 - Estado: TERMINADO
[18:49:51] PLANIFICADOR: FCFS selecciona: Proceso1 - Proceso1 (P1) - PC: 10/10 - Estado: TERMINADO
[18:49:51] TERMINACION: Proceso terminado - Proceso1 (P1) - PC: 10/10 - Estado: TERMINADO
[18:49:51] PLANIFICADOR: FCFS selecciona: Proceso1 - Proceso1 (P1) - PC: 10/10 - Estado: TERMINADO
[18:49:51] TERMINACION: Proceso terminado - Proceso1 (P1) - PC: 10/10 - Estado: TERMINADO
[18:49:51] PLANIFICADOR: FCFS selecciona: Proceso1 - Proceso1 (P1) - PC: 10/10 - Estado: TERMINADO
[18:49:51] TERMINACION: Proceso terminado - Proceso1 (P1) - PC: 10/10 - Estado: TERMINADO
[18:49:51] PLANIFICADOR: FCFS selecciona: Proceso1 - Proceso1 (P1) - PC: 10/10 - Estado: TERMINADO
[18:49:51] TERMINACION: Proceso terminado - Proceso1 (P1) - PC: 10/10 - Estado: TERMINADO
[18:49:51] PLANIFICADOR: FCFS selecciona: Proceso1 - Proceso1 (P1) - PC: 10/10 - Estado: TERMINADO
[18:49:51] TERMINACION: Proceso terminado - Proceso1 (P1) - PC: 10/10 - Estado: TERMINADO
[18:49:52] PLANIFICADOR: FCFS selecciona: Proceso1 - Proceso1 (P1) - PC: 10/10 - Estado: TERMINADO
[18:49:52] TERMINACION: Proceso terminado - Proceso1 (P1) - PC: 10/10 - Estado: TERMINADO
[18:49:52] PLANIFICADOR: FCFS selecciona: Proceso1 - Proceso1 (P1) - PC: 10/10 - Estado: TERMINADO
[18:49:52] TERMINACION: Proceso terminado - Proceso1 (P1) - PC: 10/10 - Estado: TERMINADO
[18:49:52] PLANIFICADOR: FCFS selecciona: Proceso1 - Proceso1 (P1) - PC: 10/10 - Estado: TERMINADO
[18:49:52] TERMINACION: Proceso terminado - Proceso1 (P1) - PC: 10/10 - Estado: TERMINADO
[18:49:52] PLANIFICADOR: FCFS selecciona: Proceso1 - Proceso1 (P1) - PC: 10/10 - Estado: TERMINADO
[18:49:52] TERMINACION: Proceso terminado - Proceso1 (P1) - PC: 10/10 - Estado: TERMINADO
[18:49:52] PLANIFICADOR: FCFS selecciona: Proceso1 - Proceso1 (P1) - PC: 10/10 - Estado: TERMINADO
[18:49:52] TERMINACION: Proceso terminado - Proceso1 (P1) - PC: 10/10 - Estado: TERMINADO
[18:49:52] PLANIFICADOR: FCFS selecciona: Proceso1 - Proceso1 (P1) - PC: 10/10 - Estado: TERMINADO
[18:49:52] TERMINACION: Proceso terminado - Proceso1 (P1) - PC: 10/10 - Estado: TERMINADO
[18:49:52] PLANIFICADOR: FCFS selecciona: Proceso1 - Proceso1 (P1) - PC: 10/10 - Estado: TERMINADO
[18:49:52] TERMINACION: Proceso terminado - Proceso1 (P1) - PC: 10/10 - Estado: TERMINADO
[18:49:53] PLANIFICADOR: FCFS selecciona: Proceso1 - Proceso1 (P1) - PC: 10/10 - Estado: TERMINADO
[18:49:53] TERMINACION: Proceso terminado - Proceso1 (P1) - PC: 10/10 - Estado: TERMINADO
[18:49:54] PLANIFICADOR: FCFS selecciona: Proceso1 - Proceso1 (P1) - PC: 10/10 - Estado: TERMINADO
[18:49:54] TERMINACION: Proceso terminado - Proceso1 (P1) - PC: 10/10 - Estado: TERMINADO
[18:49:55] PLANIFICADOR: FCFS selecciona: Proceso1 - Proceso1 (P1) - PC: 10/10 - Estado: TERMINADO
[18:49:55] TERMINACION: Proceso terminado - Proceso1 (P1) - PC: 10/10 - Estado: TERMINADO
[18:49:56] PLANIFICADOR: FCFS selecciona: Proceso1 - Proceso1 (P1) - PC: 10/10 - Estado: TERMINADO
[18:49:56] TERMINACION: Proceso terminado - Proceso1 (P1) - PC: 10/10 - Estado: TERMINADO
[18:49:57] PLANIFICADOR: FCFS selecciona: Proceso1 - Proceso1 (P1) - PC: 10/10 - Estado: TERMINADO
[18:49:57] TERMINACION: Proceso terminado - Proceso1 (P1) - PC: 10/10 - Estado: TERMINADO
[18:49:58] SISTEMA: Cambiado planificador a: SJF - Sistema
[18:49:59] PLANIFICADOR: SJF selecciona: Proceso1 (instrucciones restantes: 0) - Proceso1 (P1) - PC: 10/10 - Estado: TERMINADO
[18:49:59] TERMINACION: Proceso terminado - Proceso1 (P1) - PC: 10/10 - Estado: TERMINADO
[18:49:59] SISTEMA: Simulación pausada - Sistema
[18:50:01] SISTEMA: Simulación iniciada - Sistema
[18:50:01] INTERFAZ: Simulación iniciada por usuario - Sistema
[18:50:01] PLANIFICADOR: SJF selecciona: Proceso1 (instrucciones restantes: 0) - Proceso1 (P1) - PC: 10/10 - Estado: TERMINADO
[18:50:01] TERMINACION: Proceso terminado - Proceso1 (P1) - PC: 10/10 - Estado: TERMINADO
[18:50:02] PLANIFICADOR: SJF selecciona: Proceso1 (instrucciones restantes: 0) - Proceso1 (P1) - PC: 10/10 - Estado: TERMINADO
[18:50:02] TERMINACION: Proceso terminado - Proceso1 (P1) - PC: 10/10 - Estado: TERMINADO
[18:50:03] PLANIFICADOR: SJF selecciona: Proceso1 (instrucciones restantes: 0) - Proceso1 (P1) - PC: 10/10 - Estado: TERMINADO
[18:50:03] TERMINACION: Proceso terminado - Proceso1 (P1) - PC: 10/10 - Estado: TERMINADO
[18:50:04] PLANIFICADOR: SJF selecciona: Proceso1 (instrucciones restantes: 0) - Proceso1 (P1) - PC: 10/10 - Estado: TERMINADO
[18:50:04] TERMINACION: Proceso terminado - Proceso1 (P1) - PC: 10/10 - Estado: TERMINADO
[18:50:05] PLANIFICADOR: SJF selecciona: Proceso1 (instrucciones restantes: 0) - Proceso1 (P1) - PC: 10/10 - Estado: TERMINADO
[18:50:05] TERMINACION: Proceso terminado - Proceso1 (P1) - PC: 10/10 - Estado: TERMINADO
[18:50:06] PLANIFICADOR: SJF selecciona: Proceso1 (instrucciones restantes: 0) - Proceso1 (P1) - PC: 10/10 - Estado: TERMINADO
[18:50:06] TERMINACION: Proceso terminado - Proceso1 (P1) - PC: 10/10 - Estado: TERMINADO
[18:50:07] PLANIFICADOR: SJF selecciona: Proceso1 (instrucciones restantes: 0) - Proceso1 (P1) - PC: 10/10 - Estado: TERMINADO
[18:50:07] TERMINACION: Proceso terminado - Proceso1 (P1) - PC: 10/10 - Estado: TERMINADO
[18:50:08] PLANIFICADOR: SJF selecciona: Proceso1 (instrucciones restantes: 0) - Proceso1 (P1) - PC: 10/10 - Estado: TERMINADO
[18:50:08] TERMINACION: Proceso terminado - Proceso1 (P1) - PC: 10/10 - Estado: TERMINADO
[18:50:09] PLANIFICADOR: SJF selecciona: Proceso1 (instrucciones restantes: 0) - Proceso1 (P1) - PC: 10/10 - Estado: TERMINADO
[18:50:09] TERMINACION: Proceso terminado - Proceso1 (P1) - PC: 10/10 - Estado: TERMINADO
[18:50:10] PLANIFICADOR: SJF selecciona: Proceso1 (instrucciones restantes: 0) - Proceso1 (P1) - PC: 10/10 - Estado: TERMINADO
[18:50:10] TERMINACION: Proceso terminado - Proceso1 (P1) - PC: 10/10 - Estado: TERMINADO
[18:50:11] PLANIFICADOR: SJF selecciona: Proceso1 (instrucciones restantes: 0) - Proceso1 (P1) - PC: 10/10 - Estado: TERMINADO
[18:50:11] TERMINACION: Proceso terminado - Proceso1 (P1) - PC: 10/10 - Estado: TERMINADO
[18:50:12] SISTEMA: Simulación pausada - Sistema
[19:30:38] SISTEMA: Cambiado planificador a: FCFS - Sistema
[19:31:17] SISTEMA: Cambiado planificador a: FCFS - Sistema
[19:31:22] MEMORIA: Proceso cargado en memoria - Proceso1 (P1) - PC: 0/10 - Estado: NUEVO
[19:31:22] SISTEMA: Proceso agregado a cola de listos - Proceso1 (P1) - PC: 0/10 - Estado: LISTO
[19:31:41] MEMORIA: Proceso cargado en memoria - Proceso1 (P2) - PC: 0/3 - Estado: NUEVO
[19:31:41] SISTEMA: Proceso agregado a cola de listos - Proceso1 (P2) - PC: 0/3 - Estado: LISTO
[19:31:48] MEMORIA: Proceso cargado en memoria - Proceso1 (P3) - PC: 0/3 - Estado: NUEVO
[19:31:48] SISTEMA: Proceso agregado a cola de listos - Proceso1 (P3) - PC: 0/3 - Estado: LISTO
[19:31:52] SISTEMA: Cambiado planificador a: SJF - Sistema
[19:31:54] MEMORIA: Proceso cargado en memoria - Proceso1 (P4) - PC: 0/3 - Estado: NUEVO
[19:31:54] SISTEMA: Proceso agregado a cola de listos - Proceso1 (P4) - PC: 0/3 - Estado: LISTO
[19:32:01] MEMORIA: Proceso cargado en memoria - Proceso1 (P5) - PC: 0/10 - Estado: NUEVO
[19:32:01] SISTEMA: Proceso agregado a cola de listos - Proceso1 (P5) - PC: 0/10 - Estado: LISTO
[19:32:05] SISTEMA: Cambiado planificador a: PRIORIDADES - Sistema
[19:32:06] MEMORIA: Proceso cargado en memoria - Proceso1 (P6) - PC: 0/10 - Estado: NUEVO
[19:32:06] SISTEMA: Proceso agregado a cola de listos - Proceso1 (P6) - PC: 0/10 - Estado: LISTO
[19:32:17] MEMORIA: Proceso cargado en memoria - Proceso1 (P7) - PC: 0/10 - Estado: NUEVO
[19:32:17] SISTEMA: Proceso agregado a cola de listos - Proceso1 (P7) - PC: 0/10 - Estado: LISTO
[19:32:21] SISTEMA: Simulación iniciada - Sistema
[19:32:21] INTERFAZ: Simulación iniciada por usuario - Sistema
[19:32:22] PLANIFICADOR: Prioridades selecciona: Proceso1 (prioridad: 1) - Proceso1 (P6) - PC: 0/10 - Estado: LISTO
[19:32:23] PLANIFICADOR: Prioridades selecciona: Proceso1 (prioridad: 1) - Proceso1 (P7) - PC: 0/10 - Estado: LISTO
[19:32:24] PLANIFICADOR: Prioridades selecciona: Proceso1 (prioridad: 1) - Proceso1 (P1) - PC: 0/10 - Estado: LISTO
[19:32:25] PLANIFICADOR: Prioridades selecciona: Proceso1 (prioridad: 1) - Proceso1 (P2) - PC: 0/3 - Estado: LISTO
[19:32:26] PLANIFICADOR: Prioridades selecciona: Proceso1 (prioridad: 1) - Proceso1 (P3) - PC: 0/3 - Estado: LISTO
[19:32:27] PLANIFICADOR: Prioridades selecciona: Proceso1 (prioridad: 1) - Proceso1 (P4) - PC: 0/3 - Estado: LISTO
[19:32:28] PLANIFICADOR: Prioridades selecciona: Proceso1 (prioridad: 1) - Proceso1 (P5) - PC: 0/10 - Estado: LISTO
[19:32:29] PLANIFICADOR: Prioridades selecciona: Proceso1 (prioridad: 1) - Proceso1 (P6) - PC: 1/10 - Estado: LISTO
[19:32:30] PLANIFICADOR: Prioridades selecciona: Proceso1 (prioridad: 1) - Proceso1 (P7) - PC: 1/10 - Estado: LISTO
[19:32:31] PLANIFICADOR: Prioridades selecciona: Proceso1 (prioridad: 1) - Proceso1 (P1) - PC: 1/10 - Estado: LISTO
[19:32:32] PLANIFICADOR: Prioridades selecciona: Proceso1 (prioridad: 1) - Proceso1 (P2) - PC: 1/3 - Estado: LISTO
[19:32:33] PLANIFICADOR: Prioridades selecciona: Proceso1 (prioridad: 1) - Proceso1 (P3) - PC: 1/3 - Estado: LISTO
[19:32:34] PLANIFICADOR: Prioridades selecciona: Proceso1 (prioridad: 1) - Proceso1 (P4) - PC: 1/3 - Estado: LISTO
[19:32:35] PLANIFICADOR: Prioridades selecciona: Proceso1 (prioridad: 1) - Proceso1 (P5) - PC: 1/10 - Estado: LISTO
[19:32:36] PLANIFICADOR: Prioridades selecciona: Proceso1 (prioridad: 1) - Proceso1 (P6) - PC: 2/10 - Estado: LISTO
[19:32:36] BLOQUEO: Proceso bloqueado por E/S - Proceso1 (P6) - PC: 3/10 - Estado: BLOQUEADO
[19:32:36] EXCEPCION: Iniciando manejo de E/S para proceso - Proceso1 (P6) - PC: 3/10 - Estado: BLOQUEADO
[19:32:37] PLANIFICADOR: Prioridades selecciona: Proceso1 (prioridad: 1) - Proceso1 (P7) - PC: 2/10 - Estado: LISTO
[19:32:38] PLANIFICADOR: Prioridades selecciona: Proceso1 (prioridad: 1) - Proceso1 (P1) - PC: 2/10 - Estado: LISTO
[19:32:38] DESBLOQUEO: Proceso desbloqueado - Proceso1 (P6) - PC: 3/10 - Estado: LISTO
[19:32:39] PLANIFICADOR: Prioridades selecciona: Proceso1 (prioridad: 1) - Proceso1 (P2) - PC: 2/3 - Estado: LISTO
[19:32:39] TERMINACION: Proceso terminado - Proceso1 (P2) - PC: 3/3 - Estado: TERMINADO
[19:32:40] PLANIFICADOR: Prioridades selecciona: Proceso1 (prioridad: 1) - Proceso1 (P3) - PC: 2/3 - Estado: LISTO
[19:32:40] BLOQUEO: Proceso bloqueado por E/S - Proceso1 (P3) - PC: 3/3 - Estado: BLOQUEADO
[19:32:40] EXCEPCION: Iniciando manejo de E/S para proceso - Proceso1 (P3) - PC: 3/3 - Estado: BLOQUEADO
[19:32:41] PLANIFICADOR: Prioridades selecciona: Proceso1 (prioridad: 1) - Proceso1 (P4) - PC: 2/3 - Estado: LISTO
[19:32:41] BLOQUEO: Proceso bloqueado por E/S - Proceso1 (P4) - PC: 3/3 - Estado: BLOQUEADO
[19:32:41] EXCEPCION: Iniciando manejo de E/S para proceso - Proceso1 (P4) - PC: 3/3 - Estado: BLOQUEADO
[19:32:42] DESBLOQUEO: Proceso desbloqueado - Proceso1 (P3) - PC: 3/3 - Estado: LISTO
[19:32:42] PLANIFICADOR: Prioridades selecciona: Proceso1 (prioridad: 1) - Proceso1 (P5) - PC: 2/10 - Estado: LISTO
[19:32:42] BLOQUEO: Proceso bloqueado por E/S - Proceso1 (P5) - PC: 3/10 - Estado: BLOQUEADO
[19:32:42] EXCEPCION: Iniciando manejo de E/S para proceso - Proceso1 (P5) - PC: 3/10 - Estado: BLOQUEADO
[19:32:43] PLANIFICADOR: Prioridades selecciona: Proceso1 (prioridad: 1) - Proceso1 (P6) - PC: 3/10 - Estado: LISTO
[19:32:43] DESBLOQUEO: Proceso desbloqueado - Proceso1 (P4) - PC: 3/3 - Estado: LISTO
[19:32:44] PLANIFICADOR: Prioridades selecciona: Proceso1 (prioridad: 1) - Proceso1 (P7) - PC: 3/10 - Estado: LISTO
[19:32:44] DESBLOQUEO: Proceso desbloqueado - Proceso1 (P5) - PC: 3/10 - Estado: LISTO
[19:32:45] PLANIFICADOR: Prioridades selecciona: Proceso1 (prioridad: 1) - Proceso1 (P1) - PC: 3/10 - Estado: LISTO
[19:32:46] PLANIFICADOR: Prioridades selecciona: Proceso1 (prioridad: 1) - Proceso1 (P2) - PC: 3/3 - Estado: TERMINADO
[19:32:46] TERMINACION: Proceso terminado - Proceso1 (P2) - PC: 3/3 - Estado: TERMINADO
[19:32:47] PLANIFICADOR: Prioridades selecciona: Proceso1 (prioridad: 1) - Proceso1 (P3) - PC: 3/3 - Estado: LISTO
[19:32:47] BLOQUEO: Proceso bloqueado por E/S - Proceso1 (P3) - PC: 3/3 - Estado: BLOQUEADO
[19:32:47] EXCEPCION: Iniciando manejo de E/S para proceso - Proceso1 (P3) - PC: 3/3 - Estado: BLOQUEADO
[19:32:48] PLANIFICADOR: Prioridades selecciona: Proceso1 (prioridad: 1) - Proceso1 (P4) - PC: 3/3 - Estado: LISTO
[19:32:48] BLOQUEO: Proceso bloqueado por E/S - Proceso1 (P4) - PC: 3/3 - Estado: BLOQUEADO
[19:32:48] EXCEPCION: Iniciando manejo de E/S para proceso - Proceso1 (P4) - PC: 3/3 - Estado: BLOQUEADO
[19:32:49] PLANIFICADOR: Prioridades selecciona: Proceso1 (prioridad: 1) - Proceso1 (P5) - PC: 3/10 - Estado: LISTO
[19:32:49] DESBLOQUEO: Proceso desbloqueado - Proceso1 (P3) - PC: 3/3 - Estado: LISTO
[19:32:50] PLANIFICADOR: Prioridades selecciona: Proceso1 (prioridad: 1) - Proceso1 (P6) - PC: 4/10 - Estado: LISTO
[19:32:50] DESBLOQUEO: Proceso desbloqueado - Proceso1 (P4) - PC: 3/3 - Estado: LISTO
[19:32:51] PLANIFICADOR: Prioridades selecciona: Proceso1 (prioridad: 1) - Proceso1 (P7) - PC: 4/10 - Estado: LISTO
[19:32:52] PLANIFICADOR: Prioridades selecciona: Proceso1 (prioridad: 1) - Proceso1 (P1) - PC: 4/10 - Estado: LISTO
[19:32:53] PLANIFICADOR: Prioridades selecciona: Proceso1 (prioridad: 1) - Proceso1 (P2) - PC: 3/3 - Estado: TERMINADO
[19:32:53] TERMINACION: Proceso terminado - Proceso1 (P2) - PC: 3/3 - Estado: TERMINADO
[19:32:54] PLANIFICADOR: Prioridades selecciona: Proceso1 (prioridad: 1) - Proceso1 (P3) - PC: 3/3 - Estado: LISTO
[19:32:54] BLOQUEO: Proceso bloqueado por E/S - Proceso1 (P3) - PC: 3/3 - Estado: BLOQUEADO
[19:32:54] EXCEPCION: Iniciando manejo de E/S para proceso - Proceso1 (P3) - PC: 3/3 - Estado: BLOQUEADO
[19:32:55] PLANIFICADOR: Prioridades selecciona: Proceso1 (prioridad: 1) - Proceso1 (P4) - PC: 3/3 - Estado: LISTO
[19:32:55] BLOQUEO: Proceso bloqueado por E/S - Proceso1 (P4) - PC: 3/3 - Estado: BLOQUEADO
[19:32:55] EXCEPCION: Iniciando manejo de E/S para proceso - Proceso1 (P4) - PC: 3/3 - Estado: BLOQUEADO
[19:32:56] DESBLOQUEO: Proceso desbloqueado - Proceso1 (P3) - PC: 3/3 - Estado: LISTO
[19:32:56] PLANIFICADOR: Prioridades selecciona: Proceso1 (prioridad: 1) - Proceso1 (P5) - PC: 4/10 - Estado: LISTO
[19:32:57] DESBLOQUEO: Proceso desbloqueado - Proceso1 (P4) - PC: 3/3 - Estado: LISTO
[19:32:57] PLANIFICADOR: Prioridades selecciona: Proceso1 (prioridad: 1) - Proceso1 (P6) - PC: 5/10 - Estado: LISTO
[19:32:57] BLOQUEO: Proceso bloqueado por E/S - Proceso1 (P6) - PC: 6/10 - Estado: BLOQUEADO
[19:32:57] EXCEPCION: Iniciando manejo de E/S para proceso - Proceso1 (P6) - PC: 6/10 - Estado: BLOQUEADO
[19:32:58] PLANIFICADOR: Prioridades selecciona: Proceso1 (prioridad: 1) - Proceso1 (P7) - PC: 5/10 - Estado: LISTO
[19:32:59] DESBLOQUEO: Proceso desbloqueado - Proceso1 (P6) - PC: 6/10 - Estado: LISTO
[19:32:59] PLANIFICADOR: Prioridades selecciona: Proceso1 (prioridad: 1) - Proceso1 (P1) - PC: 5/10 - Estado: LISTO
[19:33:00] PLANIFICADOR: Prioridades selecciona: Proceso1 (prioridad: 1) - Proceso1 (P2) - PC: 3/3 - Estado: TERMINADO
[19:33:00] TERMINACION: Proceso terminado - Proceso1 (P2) - PC: 3/3 - Estado: TERMINADO
[19:33:01] PLANIFICADOR: Prioridades selecciona: Proceso1 (prioridad: 1) - Proceso1 (P3) - PC: 3/3 - Estado: LISTO
[19:33:01] BLOQUEO: Proceso bloqueado por E/S - Proceso1 (P3) - PC: 3/3 - Estado: BLOQUEADO
[19:33:01] EXCEPCION: Iniciando manejo de E/S para proceso - Proceso1 (P3) - PC: 3/3 - Estado: BLOQUEADO
[19:33:02] PLANIFICADOR: Prioridades selecciona: Proceso1 (prioridad: 1) - Proceso1 (P4) - PC: 3/3 - Estado: LISTO
[19:33:02] BLOQUEO: Proceso bloqueado por E/S - Proceso1 (P4) - PC: 3/3 - Estado: BLOQUEADO
[19:33:02] EXCEPCION: Iniciando manejo de E/S para proceso - Proceso1 (P4) - PC: 3/3 - Estado: BLOQUEADO
[19:33:03] PLANIFICADOR: Prioridades selecciona: Proceso1 (prioridad: 1) - Proceso1 (P5) - PC: 5/10 - Estado: LISTO
[19:33:03] BLOQUEO: Proceso bloqueado por E/S - Proceso1 (P5) - PC: 6/10 - Estado: BLOQUEADO
[19:33:03] EXCEPCION: Iniciando manejo de E/S para proceso - Proceso1 (P5) - PC: 6/10 - Estado: BLOQUEADO
[19:33:03] DESBLOQUEO: Proceso desbloqueado - Proceso1 (P3) - PC: 3/3 - Estado: LISTO
[19:33:04] DESBLOQUEO: Proceso desbloqueado - Proceso1 (P4) - PC: 3/3 - Estado: LISTO
[19:33:04] PLANIFICADOR: Prioridades selecciona: Proceso1 (prioridad: 1) - Proceso1 (P6) - PC: 6/10 - Estado: LISTO
[19:33:05] DESBLOQUEO: Proceso desbloqueado - Proceso1 (P5) - PC: 6/10 - Estado: LISTO
[19:33:05] PLANIFICADOR: Prioridades selecciona: Proceso1 (prioridad: 1) - Proceso1 (P7) - PC: 6/10 - Estado: LISTO
[19:33:06] PLANIFICADOR: Prioridades selecciona: Proceso1 (prioridad: 1) - Proceso1 (P1) - PC: 6/10 - Estado: LISTO
[19:33:07] PLANIFICADOR: Prioridades selecciona: Proceso1 (prioridad: 1) - Proceso1 (P2) - PC: 3/3 - Estado: TERMINADO
[19:33:07] TERMINACION: Proceso terminado - Proceso1 (P2) - PC: 3/3 - Estado: TERMINADO
[19:33:08] PLANIFICADOR: Prioridades selecciona: Proceso1 (prioridad: 1) - Proceso1 (P3) - PC: 3/3 - Estado: LISTO
[19:33:08] BLOQUEO: Proceso bloqueado por E/S - Proceso1 (P3) - PC: 3/3 - Estado: BLOQUEADO
[19:33:08] EXCEPCION: Iniciando manejo de E/S para proceso - Proceso1 (P3) - PC: 3/3 - Estado: BLOQUEADO
[19:33:09] PLANIFICADOR: Prioridades selecciona: Proceso1 (prioridad: 1) - Proceso1 (P4) - PC: 3/3 - Estado: LISTO
[19:33:09] BLOQUEO: Proceso bloqueado por E/S - Proceso1 (P4) - PC: 3/3 - Estado: BLOQUEADO
[19:33:09] EXCEPCION: Iniciando manejo de E/S para proceso - Proceso1 (P4) - PC: 3/3 - Estado: BLOQUEADO
[19:33:10] DESBLOQUEO: Proceso desbloqueado - Proceso1 (P3) - PC: 3/3 - Estado: LISTO
[19:33:10] PLANIFICADOR: Prioridades selecciona: Proceso1 (prioridad: 1) - Proceso1 (P5) - PC: 6/10 - Estado: LISTO
[19:33:11] DESBLOQUEO: Proceso desbloqueado - Proceso1 (P4) - PC: 3/3 - Estado: LISTO
[19:33:11] PLANIFICADOR: Prioridades selecciona: Proceso1 (prioridad: 1) - Proceso1 (P6) - PC: 7/10 - Estado: LISTO
[19:33:12] PLANIFICADOR: Prioridades selecciona: Proceso1 (prioridad: 1) - Proceso1 (P7) - PC: 7/10 - Estado: LISTO
[19:33:13] PLANIFICADOR: Prioridades selecciona: Proceso1 (prioridad: 1) - Proceso1 (P1) - PC: 7/10 - Estado: LISTO
[19:33:14] PLANIFICADOR: Prioridades selecciona: Proceso1 (prioridad: 1) - Proceso1 (P2) - PC: 3/3 - Estado: TERMINADO
[19:33:14] TERMINACION: Proceso terminado - Proceso1 (P2) - PC: 3/3 - Estado: TERMINADO
[19:33:15] PLANIFICADOR: Prioridades selecciona: Proceso1 (prioridad: 1) - Proceso1 (P3) - PC: 3/3 - Estado: LISTO
[19:33:15] BLOQUEO: Proceso bloqueado por E/S - Proceso1 (P3) - PC: 3/3 - Estado: BLOQUEADO
[19:33:15] EXCEPCION: Iniciando manejo de E/S para proceso - Proceso1 (P3) - PC: 3/3 - Estado: BLOQUEADO
[19:33:16] PLANIFICADOR: Prioridades selecciona: Proceso1 (prioridad: 1) - Proceso1 (P4) - PC: 3/3 - Estado: LISTO
[19:33:16] BLOQUEO: Proceso bloqueado por E/S - Proceso1 (P4) - PC: 3/3 - Estado: BLOQUEADO
[19:33:16] EXCEPCION: Iniciando manejo de E/S para proceso - Proceso1 (P4) - PC: 3/3 - Estado: BLOQUEADO
[19:33:17] PLANIFICADOR: Prioridades selecciona: Proceso1 (prioridad: 1) - Proceso1 (P5) - PC: 7/10 - Estado: LISTO
[19:33:17] DESBLOQUEO: Proceso desbloqueado - Proceso1 (P3) - PC: 3/3 - Estado: LISTO
[19:33:18] DESBLOQUEO: Proceso desbloqueado - Proceso1 (P4) - PC: 3/3 - Estado: LISTO
[19:33:18] PLANIFICADOR: Prioridades selecciona: Proceso1 (prioridad: 1) - Proceso1 (P6) - PC: 8/10 - Estado: LISTO
[19:33:18] BLOQUEO: Proceso bloqueado por E/S - Proceso1 (P6) - PC: 9/10 - Estado: BLOQUEADO
[19:33:18] EXCEPCION: Iniciando manejo de E/S para proceso - Proceso1 (P6) - PC: 9/10 - Estado: BLOQUEADO
[19:33:19] PLANIFICADOR: Prioridades selecciona: Proceso1 (prioridad: 1) - Proceso1 (P7) - PC: 8/10 - Estado: LISTO
[19:33:20] DESBLOQUEO: Proceso desbloqueado - Proceso1 (P6) - PC: 9/10 - Estado: LISTO
[19:33:20] PLANIFICADOR: Prioridades selecciona: Proceso1 (prioridad: 1) - Proceso1 (P1) - PC: 8/10 - Estado: LISTO
[19:33:21] PLANIFICADOR: Prioridades selecciona: Proceso1 (prioridad: 1) - Proceso1 (P2) - PC: 3/3 - Estado: TERMINADO
[19:33:21] TERMINACION: Proceso terminado - Proceso1 (P2) - PC: 3/3 - Estado: TERMINADO
[19:33:22] PLANIFICADOR: Prioridades selecciona: Proceso1 (prioridad: 1) - Proceso1 (P3) - PC: 3/3 - Estado: LISTO
[19:33:22] BLOQUEO: Proceso bloqueado por E/S - Proceso1 (P3) - PC: 3/3 - Estado: BLOQUEADO
[19:33:22] EXCEPCION: Iniciando manejo de E/S para proceso - Proceso1 (P3) - PC: 3/3 - Estado: BLOQUEADO
[19:33:23] PLANIFICADOR: Prioridades selecciona: Proceso1 (prioridad: 1) - Proceso1 (P4) - PC: 3/3 - Estado: LISTO
[19:33:23] BLOQUEO: Proceso bloqueado por E/S - Proceso1 (P4) - PC: 3/3 - Estado: BLOQUEADO
[19:33:23] EXCEPCION: Iniciando manejo de E/S para proceso - Proceso1 (P4) - PC: 3/3 - Estado: BLOQUEADO
[19:33:24] DESBLOQUEO: Proceso desbloqueado - Proceso1 (P3) - PC: 3/3 - Estado: LISTO
[19:33:24] PLANIFICADOR: Prioridades selecciona: Proceso1 (prioridad: 1) - Proceso1 (P5) - PC: 8/10 - Estado: LISTO
[19:33:24] BLOQUEO: Proceso bloqueado por E/S - Proceso1 (P5) - PC: 9/10 - Estado: BLOQUEADO
[19:33:24] EXCEPCION: Iniciando manejo de E/S para proceso - Proceso1 (P5) - PC: 9/10 - Estado: BLOQUEADO
[19:33:25] DESBLOQUEO: Proceso desbloqueado - Proceso1 (P4) - PC: 3/3 - Estado: LISTO
[19:33:25] PLANIFICADOR: Prioridades selecciona: Proceso1 (prioridad: 1) - Proceso1 (P6) - PC: 9/10 - Estado: LISTO
[19:33:25] TERMINACION: Proceso terminado - Proceso1 (P6) - PC: 10/10 - Estado: TERMINADO
[19:33:26] PLANIFICADOR: Prioridades selecciona: Proceso1 (prioridad: 1) - Proceso1 (P7) - PC: 9/10 - Estado: LISTO
[19:33:26] DESBLOQUEO: Proceso desbloqueado - Proceso1 (P5) - PC: 9/10 - Estado: LISTO
[19:33:26] TERMINACION: Proceso terminado - Proceso1 (P7) - PC: 10/10 - Estado: TERMINADO
[19:33:27] PLANIFICADOR: Prioridades selecciona: Proceso1 (prioridad: 1) - Proceso1 (P1) - PC: 9/10 - Estado: LISTO
[19:33:28] TERMINACION: Proceso terminado - Proceso1 (P1) - PC: 10/10 - Estado: TERMINADO
[19:33:29] PLANIFICADOR: Prioridades selecciona: Proceso1 (prioridad: 1) - Proceso1 (P2) - PC: 3/3 - Estado: TERMINADO
[19:33:29] TERMINACION: Proceso terminado - Proceso1 (P2) - PC: 3/3 - Estado: TERMINADO
[19:33:30] PLANIFICADOR: Prioridades selecciona: Proceso1 (prioridad: 1) - Proceso1 (P3) - PC: 3/3 - Estado: LISTO
[19:33:30] BLOQUEO: Proceso bloqueado por E/S - Proceso1 (P3) - PC: 3/3 - Estado: BLOQUEADO
[19:33:30] EXCEPCION: Iniciando manejo de E/S para proceso - Proceso1 (P3) - PC: 3/3 - Estado: BLOQUEADO
[19:33:31] PLANIFICADOR: Prioridades selecciona: Proceso1 (prioridad: 1) - Proceso1 (P4) - PC: 3/3 - Estado: LISTO
[19:33:31] BLOQUEO: Proceso bloqueado por E/S - Proceso1 (P4) - PC: 3/3 - Estado: BLOQUEADO
[19:33:31] EXCEPCION: Iniciando manejo de E/S para proceso - Proceso1 (P4) - PC: 3/3 - Estado: BLOQUEADO
[19:33:32] DESBLOQUEO: Proceso desbloqueado - Proceso1 (P3) - PC: 3/3 - Estado: LISTO
[19:33:32] PLANIFICADOR: Prioridades selecciona: Proceso1 (prioridad: 1) - Proceso1 (P5) - PC: 9/10 - Estado: LISTO
[19:33:32] TERMINACION: Proceso terminado - Proceso1 (P5) - PC: 10/10 - Estado: TERMINADO
[19:33:33] PLANIFICADOR: Prioridades selecciona: Proceso1 (prioridad: 1) - Proceso1 (P6) - PC: 10/10 - Estado: TERMINADO
[19:33:33] DESBLOQUEO: Proceso desbloqueado - Proceso1 (P4) - PC: 3/3 - Estado: LISTO
[19:33:33] TERMINACION: Proceso terminado - Proceso1 (P6) - PC: 10/10 - Estado: TERMINADO
[19:33:34] PLANIFICADOR: Prioridades selecciona: Proceso1 (prioridad: 1) - Proceso1 (P7) - PC: 10/10 - Estado: TERMINADO
[19:33:34] TERMINACION: Proceso terminado - Proceso1 (P7) - PC: 10/10 - Estado: TERMINADO
[19:33:35] PLANIFICADOR: Prioridades selecciona: Proceso1 (prioridad: 1) - Proceso1 (P1) - PC: 10/10 - Estado: TERMINADO
[19:33:35] TERMINACION: Proceso terminado - Proceso1 (P1) - PC: 10/10 - Estado: TERMINADO
[19:33:36] PLANIFICADOR: Prioridades selecciona: Proceso1 (prioridad: 1) - Proceso1 (P2) - PC: 3/3 - Estado: TERMINADO
[19:33:36] TERMINACION: Proceso terminado - Proceso1 (P2) - PC: 3/3 - Estado: TERMINADO
[19:33:37] PLANIFICADOR: Prioridades selecciona: Proceso1 (prioridad: 1) - Proceso1 (P3) - PC: 3/3 - Estado: LISTO
[19:33:37] BLOQUEO: Proceso bloqueado por E/S - Proceso1 (P3) - PC: 3/3 - Estado: BLOQUEADO
[19:33:37] EXCEPCION: Iniciando manejo de E/S para proceso - Proceso1 (P3) - PC: 3/3 - Estado: BLOQUEADO
[19:33:38] PLANIFICADOR: Prioridades selecciona: Proceso1 (prioridad: 1) - Proceso1 (P4) - PC: 3/3 - Estado: LISTO
[19:33:38] BLOQUEO: Proceso bloqueado por E/S - Proceso1 (P4) - PC: 3/3 - Estado: BLOQUEADO
[19:33:38] EXCEPCION: Iniciando manejo de E/S para proceso - Proceso1 (P4) - PC: 3/3 - Estado: BLOQUEADO
[19:33:39] PLANIFICADOR: Prioridades selecciona: Proceso1 (prioridad: 1) - Proceso1 (P5) - PC: 10/10 - Estado: TERMINADO
[19:33:39] TERMINACION: Proceso terminado - Proceso1 (P5) - PC: 10/10 - Estado: TERMINADO
[19:33:39] DESBLOQUEO: Proceso desbloqueado - Proceso1 (P3) - PC: 3/3 - Estado: LISTO
[19:33:40] PLANIFICADOR: Prioridades selecciona: Proceso1 (prioridad: 1) - Proceso1 (P6) - PC: 10/10 - Estado: TERMINADO
[19:33:40] TERMINACION: Proceso terminado - Proceso1 (P6) - PC: 10/10 - Estado: TERMINADO
[19:33:40] DESBLOQUEO: Proceso desbloqueado - Proceso1 (P4) - PC: 3/3 - Estado: LISTO
[19:33:41] PLANIFICADOR: Prioridades selecciona: Proceso1 (prioridad: 1) - Proceso1 (P7) - PC: 10/10 - Estado: TERMINADO
[19:33:41] TERMINACION: Proceso terminado - Proceso1 (P7) - PC: 10/10 - Estado: TERMINADO
[19:33:42] PLANIFICADOR: Prioridades selecciona: Proceso1 (prioridad: 1) - Proceso1 (P1) - PC: 10/10 - Estado: TERMINADO
[19:33:42] TERMINACION: Proceso terminado - Proceso1 (P1) - PC: 10/10 - Estado: TERMINADO
[19:33:43] PLANIFICADOR: Prioridades selecciona: Proceso1 (prioridad: 1) - Proceso1 (P2) - PC: 3/3 - Estado: TERMINADO
[19:33:43] TERMINACION: Proceso terminado - Proceso1 (P2) - PC: 3/3 - Estado: TERMINADO
[19:33:44] PLANIFICADOR: Prioridades selecciona: Proceso1 (prioridad: 1) - Proceso1 (P3) - PC: 3/3 - Estado: LISTO
[19:33:44] BLOQUEO: Proceso bloqueado por E/S - Proceso1 (P3) - PC: 3/3 - Estado: BLOQUEADO
[19:33:44] EXCEPCION: Iniciando manejo de E/S para proceso - Proceso1 (P3) - PC: 3/3 - Estado: BLOQUEADO
[19:33:45] PLANIFICADOR: Prioridades selecciona: Proceso1 (prioridad: 1) - Proceso1 (P4) - PC: 3/3 - Estado: LISTO
[19:33:45] BLOQUEO: Proceso bloqueado por E/S - Proceso1 (P4) - PC: 3/3 - Estado: BLOQUEADO
[19:33:45] EXCEPCION: Iniciando manejo de E/S para proceso - Proceso1 (P4) - PC: 3/3 - Estado: BLOQUEADO
[19:33:46] PLANIFICADOR: Prioridades selecciona: Proceso1 (prioridad: 1) - Proceso1 (P5) - PC: 10/10 - Estado: TERMINADO
[19:33:46] TERMINACION: Proceso terminado - Proceso1 (P5) - PC: 10/10 - Estado: TERMINADO
[19:33:46] DESBLOQUEO: Proceso desbloqueado - Proceso1 (P3) - PC: 3/3 - Estado: LISTO
[19:33:47] DESBLOQUEO: Proceso desbloqueado - Proceso1 (P4) - PC: 3/3 - Estado: LISTO
[19:33:47] PLANIFICADOR: Prioridades selecciona: Proceso1 (prioridad: 1) - Proceso1 (P6) - PC: 10/10 - Estado: TERMINADO
[19:33:47] TERMINACION: Proceso terminado - Proceso1 (P6) - PC: 10/10 - Estado: TERMINADO
[19:33:48] PLANIFICADOR: Prioridades selecciona: Proceso1 (prioridad: 1) - Proceso1 (P7) - PC: 10/10 - Estado: TERMINADO
[19:33:48] TERMINACION: Proceso terminado - Proceso1 (P7) - PC: 10/10 - Estado: TERMINADO
[19:33:49] PLANIFICADOR: Prioridades selecciona: Proceso1 (prioridad: 1) - Proceso1 (P1) - PC: 10/10 - Estado: TERMINADO
[19:33:49] TERMINACION: Proceso terminado - Proceso1 (P1) - PC: 10/10 - Estado: TERMINADO
[19:33:50] PLANIFICADOR: Prioridades selecciona: Proceso1 (prioridad: 1) - Proceso1 (P2) - PC: 3/3 - Estado: TERMINADO
[19:33:50] TERMINACION: Proceso terminado - Proceso1 (P2) - PC: 3/3 - Estado: TERMINADO
[19:33:51] PLANIFICADOR: Prioridades selecciona: Proceso1 (prioridad: 1) - Proceso1 (P3) - PC: 3/3 - Estado: LISTO
[19:33:51] BLOQUEO: Proceso bloqueado por E/S - Proceso1 (P3) - PC: 3/3 - Estado: BLOQUEADO
[19:33:51] EXCEPCION: Iniciando manejo de E/S para proceso - Proceso1 (P3) - PC: 3/3 - Estado: BLOQUEADO
[19:33:52] PLANIFICADOR: Prioridades selecciona: Proceso1 (prioridad: 1) - Proceso1 (P4) - PC: 3/3 - Estado: LISTO
[19:33:52] BLOQUEO: Proceso bloqueado por E/S - Proceso1 (P4) - PC: 3/3 - Estado: BLOQUEADO
[19:33:52] EXCEPCION: Iniciando manejo de E/S para proceso - Proceso1 (P4) - PC: 3/3 - Estado: BLOQUEADO
[19:33:53] PLANIFICADOR: Prioridades selecciona: Proceso1 (prioridad: 1) - Proceso1 (P5) - PC: 10/10 - Estado: TERMINADO
[19:33:53] TERMINACION: Proceso terminado - Proceso1 (P5) - PC: 10/10 - Estado: TERMINADO
[19:33:53] DESBLOQUEO: Proceso desbloqueado - Proceso1 (P3) - PC: 3/3 - Estado: LISTO
[19:33:54] PLANIFICADOR: Prioridades selecciona: Proceso1 (prioridad: 1) - Proceso1 (P6) - PC: 10/10 - Estado: TERMINADO
[19:33:54] TERMINACION: Proceso terminado - Proceso1 (P6) - PC: 10/10 - Estado: TERMINADO
[19:33:54] DESBLOQUEO: Proceso desbloqueado - Proceso1 (P4) - PC: 3/3 - Estado: LISTO
[19:33:55] PLANIFICADOR: Prioridades selecciona: Proceso1 (prioridad: 1) - Proceso1 (P7) - PC: 10/10 - Estado: TERMINADO
[19:33:55] TERMINACION: Proceso terminado - Proceso1 (P7) - PC: 10/10 - Estado: TERMINADO
[19:33:56] PLANIFICADOR: Prioridades selecciona: Proceso1 (prioridad: 1) - Proceso1 (P1) - PC: 10/10 - Estado: TERMINADO
[19:33:56] TERMINACION: Proceso terminado - Proceso1 (P1) - PC: 10/10 - Estado: TERMINADO
[19:33:57] PLANIFICADOR: Prioridades selecciona: Proceso1 (prioridad: 1) - Proceso1 (P2) - PC: 3/3 - Estado: TERMINADO
[19:33:57] TERMINACION: Proceso terminado - Proceso1 (P2) - PC: 3/3 - Estado: TERMINADO
[19:33:58] PLANIFICADOR: Prioridades selecciona: Proceso1 (prioridad: 1) - Proceso1 (P3) - PC: 3/3 - Estado: LISTO
[19:33:58] BLOQUEO: Proceso bloqueado por E/S - Proceso1 (P3) - PC: 3/3 - Estado: BLOQUEADO
[19:33:58] EXCEPCION: Iniciando manejo de E/S para proceso - Proceso1 (P3) - PC: 3/3 - Estado: BLOQUEADO
[19:33:59] PLANIFICADOR: Prioridades selecciona: Proceso1 (prioridad: 1) - Proceso1 (P4) - PC: 3/3 - Estado: LISTO
[19:33:59] BLOQUEO: Proceso bloqueado por E/S - Proceso1 (P4) - PC: 3/3 - Estado: BLOQUEADO
[19:33:59] EXCEPCION: Iniciando manejo de E/S para proceso - Proceso1 (P4) - PC: 3/3 - Estado: BLOQUEADO
[19:34:00] DESBLOQUEO: Proceso desbloqueado - Proceso1 (P3) - PC: 3/3 - Estado: LISTO
[19:34:00] PLANIFICADOR: Prioridades selecciona: Proceso1 (prioridad: 1) - Proceso1 (P5) - PC: 10/10 - Estado: TERMINADO
[19:34:00] TERMINACION: Proceso terminado - Proceso1 (P5) - PC: 10/10 - Estado: TERMINADO
[19:34:01] DESBLOQUEO: Proceso desbloqueado - Proceso1 (P4) - PC: 3/3 - Estado: LISTO
[19:34:01] PLANIFICADOR: Prioridades selecciona: Proceso1 (prioridad: 1) - Proceso1 (P6) - PC: 10/10 - Estado: TERMINADO
[19:34:01] TERMINACION: Proceso terminado - Proceso1 (P6) - PC: 10/10 - Estado: TERMINADO
[19:34:02] PLANIFICADOR: Prioridades selecciona: Proceso1 (prioridad: 1) - Proceso1 (P7) - PC: 10/10 - Estado: TERMINADO
[19:34:02] TERMINACION: Proceso terminado - Proceso1 (P7) - PC: 10/10 - Estado: TERMINADO
[19:34:03] PLANIFICADOR: Prioridades selecciona: Proceso1 (prioridad: 1) - Proceso1 (P1) - PC: 10/10 - Estado: TERMINADO
[19:34:03] TERMINACION: Proceso terminado - Proceso1 (P1) - PC: 10/10 - Estado: TERMINADO
[19:34:04] PLANIFICADOR: Prioridades selecciona: Proceso1 (prioridad: 1) - Proceso1 (P2) - PC: 3/3 - Estado: TERMINADO
[19:34:04] TERMINACION: Proceso terminado - Proceso1 (P2) - PC: 3/3 - Estado: TERMINADO
[19:34:05] PLANIFICADOR: Prioridades selecciona: Proceso1 (prioridad: 1) - Proceso1 (P3) - PC: 3/3 - Estado: LISTO
[19:34:05] BLOQUEO: Proceso bloqueado por E/S - Proceso1 (P3) - PC: 3/3 - Estado: BLOQUEADO
[19:34:05] EXCEPCION: Iniciando manejo de E/S para proceso - Proceso1 (P3) - PC: 3/3 - Estado: BLOQUEADO
[19:34:06] PLANIFICADOR: Prioridades selecciona: Proceso1 (prioridad: 1) - Proceso1 (P4) - PC: 3/3 - Estado: LISTO
[19:34:06] BLOQUEO: Proceso bloqueado por E/S - Proceso1 (P4) - PC: 3/3 - Estado: BLOQUEADO
[19:34:06] EXCEPCION: Iniciando manejo de E/S para proceso - Proceso1 (P4) - PC: 3/3 - Estado: BLOQUEADO
[19:34:07] PLANIFICADOR: Prioridades selecciona: Proceso1 (prioridad: 1) - Proceso1 (P5) - PC: 10/10 - Estado: TERMINADO
[19:34:07] TERMINACION: Proceso terminado - Proceso1 (P5) - PC: 10/10 - Estado: TERMINADO
[19:34:07] DESBLOQUEO: Proceso desbloqueado - Proceso1 (P3) - PC: 3/3 - Estado: LISTO
[19:34:08] DESBLOQUEO: Proceso desbloqueado - Proceso1 (P4) - PC: 3/3 - Estado: LISTO
[19:34:08] PLANIFICADOR: Prioridades selecciona: Proceso1 (prioridad: 1) - Proceso1 (P6) - PC: 10/10 - Estado: TERMINADO
[19:34:08] TERMINACION: Proceso terminado - Proceso1 (P6) - PC: 10/10 - Estado: TERMINADO
[19:34:09] PLANIFICADOR: Prioridades selecciona: Proceso1 (prioridad: 1) - Proceso1 (P7) - PC: 10/10 - Estado: TERMINADO
[19:34:09] TERMINACION: Proceso terminado - Proceso1 (P7) - PC: 10/10 - Estado: TERMINADO
[19:34:10] PLANIFICADOR: Prioridades selecciona: Proceso1 (prioridad: 1) - Proceso1 (P1) - PC: 10/10 - Estado: TERMINADO
[19:34:10] TERMINACION: Proceso terminado - Proceso1 (P1) - PC: 10/10 - Estado: TERMINADO
[19:34:11] PLANIFICADOR: Prioridades selecciona: Proceso1 (prioridad: 1) - Proceso1 (P2) - PC: 3/3 - Estado: TERMINADO
[19:34:11] TERMINACION: Proceso terminado - Proceso1 (P2) - PC: 3/3 - Estado: TERMINADO
[19:34:12] PLANIFICADOR: Prioridades selecciona: Proceso1 (prioridad: 1) - Proceso1 (P3) - PC: 3/3 - Estado: LISTO
[19:34:12] BLOQUEO: Proceso bloqueado por E/S - Proceso1 (P3) - PC: 3/3 - Estado: BLOQUEADO
[19:34:12] EXCEPCION: Iniciando manejo de E/S para proceso - Proceso1 (P3) - PC: 3/3 - Estado: BLOQUEADO
[19:34:13] PLANIFICADOR: Prioridades selecciona: Proceso1 (prioridad: 1) - Proceso1 (P4) - PC: 3/3 - Estado: LISTO
[19:34:13] BLOQUEO: Proceso bloqueado por E/S - Proceso1 (P4) - PC: 3/3 - Estado: BLOQUEADO
[19:34:13] EXCEPCION: Iniciando manejo de E/S para proceso - Proceso1 (P4) - PC: 3/3 - Estado: BLOQUEADO
[19:34:14] DESBLOQUEO: Proceso desbloqueado - Proceso1 (P3) - PC: 3/3 - Estado: LISTO
[19:34:14] PLANIFICADOR: Prioridades selecciona: Proceso1 (prioridad: 1) - Proceso1 (P5) - PC: 10/10 - Estado: TERMINADO
[19:34:14] TERMINACION: Proceso terminado - Proceso1 (P5) - PC: 10/10 - Estado: TERMINADO
[19:34:15] PLANIFICADOR: Prioridades selecciona: Proceso1 (prioridad: 1) - Proceso1 (P6) - PC: 10/10 - Estado: TERMINADO
[19:34:15] TERMINACION: Proceso terminado - Proceso1 (P6) - PC: 10/10 - Estado: TERMINADO
[19:34:15] DESBLOQUEO: Proceso desbloqueado - Proceso1 (P4) - PC: 3/3 - Estado: LISTO
[19:34:16] PLANIFICADOR: Prioridades selecciona: Proceso1 (prioridad: 1) - Proceso1 (P7) - PC: 10/10 - Estado: TERMINADO
[19:34:16] TERMINACION: Proceso terminado - Proceso1 (P7) - PC: 10/10 - Estado: TERMINADO
[19:34:17] PLANIFICADOR: Prioridades selecciona: Proceso1 (prioridad: 1) - Proceso1 (P1) - PC: 10/10 - Estado: TERMINADO
[19:34:17] TERMINACION: Proceso terminado - Proceso1 (P1) - PC: 10/10 - Estado: TERMINADO
[19:34:18] PLANIFICADOR: Prioridades selecciona: Proceso1 (prioridad: 1) - Proceso1 (P2) - PC: 3/3 - Estado: TERMINADO
[19:34:18] TERMINACION: Proceso terminado - Proceso1 (P2) - PC: 3/3 - Estado: TERMINADO
[19:34:19] PLANIFICADOR: Prioridades selecciona: Proceso1 (prioridad: 1) - Proceso1 (P3) - PC: 3/3 - Estado: LISTO
[19:34:19] BLOQUEO: Proceso bloqueado por E/S - Proceso1 (P3) - PC: 3/3 - Estado: BLOQUEADO
[19:34:19] EXCEPCION: Iniciando manejo de E/S para proceso - Proceso1 (P3) - PC: 3/3 - Estado: BLOQUEADO
[19:34:20] PLANIFICADOR: Prioridades selecciona: Proceso1 (prioridad: 1) - Proceso1 (P4) - PC: 3/3 - Estado: LISTO
[19:34:20] BLOQUEO: Proceso bloqueado por E/S - Proceso1 (P4) - PC: 3/3 - Estado: BLOQUEADO
[19:34:20] EXCEPCION: Iniciando manejo de E/S para proceso - Proceso1 (P4) - PC: 3/3 - Estado: BLOQUEADO
[19:34:21] DESBLOQUEO: Proceso desbloqueado - Proceso1 (P3) - PC: 3/3 - Estado: LISTO
[19:34:21] PLANIFICADOR: Prioridades selecciona: Proceso1 (prioridad: 1) - Proceso1 (P5) - PC: 10/10 - Estado: TERMINADO
[19:34:21] TERMINACION: Proceso terminado - Proceso1 (P5) - PC: 10/10 - Estado: TERMINADO
[19:34:22] PLANIFICADOR: Prioridades selecciona: Proceso1 (prioridad: 1) - Proceso1 (P6) - PC: 10/10 - Estado: TERMINADO
[19:34:22] TERMINACION: Proceso terminado - Proceso1 (P6) - PC: 10/10 - Estado: TERMINADO
[19:34:22] DESBLOQUEO: Proceso desbloqueado - Proceso1 (P4) - PC: 3/3 - Estado: LISTO
[19:34:23] PLANIFICADOR: Prioridades selecciona: Proceso1 (prioridad: 1) - Proceso1 (P7) - PC: 10/10 - Estado: TERMINADO
[19:34:23] TERMINACION: Proceso terminado - Proceso1 (P7) - PC: 10/10 - Estado: TERMINADO
[19:34:24] PLANIFICADOR: Prioridades selecciona: Proceso1 (prioridad: 1) - Proceso1 (P1) - PC: 10/10 - Estado: TERMINADO
[19:34:24] TERMINACION: Proceso terminado - Proceso1 (P1) - PC: 10/10 - Estado: TERMINADO
[19:34:25] PLANIFICADOR: Prioridades selecciona: Proceso1 (prioridad: 1) - Proceso1 (P2) - PC: 3/3 - Estado: TERMINADO
[19:34:25] TERMINACION: Proceso terminado - Proceso1 (P2) - PC: 3/3 - Estado: TERMINADO
[19:34:26] PLANIFICADOR: Prioridades selecciona: Proceso1 (prioridad: 1) - Proceso1 (P3) - PC: 3/3 - Estado: LISTO
[19:34:26] BLOQUEO: Proceso bloqueado por E/S - Proceso1 (P3) - PC: 3/3 - Estado: BLOQUEADO
[19:34:26] EXCEPCION: Iniciando manejo de E/S para proceso - Proceso1 (P3) - PC: 3/3 - Estado: BLOQUEADO
[19:34:27] PLANIFICADOR: Prioridades selecciona: Proceso1 (prioridad: 1) - Proceso1 (P4) - PC: 3/3 - Estado: LISTO
[19:34:27] BLOQUEO: Proceso bloqueado por E/S - Proceso1 (P4) - PC: 3/3 - Estado: BLOQUEADO
[19:34:27] EXCEPCION: Iniciando manejo de E/S para proceso - Proceso1 (P4) - PC: 3/3 - Estado: BLOQUEADO
[19:34:28] DESBLOQUEO: Proceso desbloqueado - Proceso1 (P3) - PC: 3/3 - Estado: LISTO
[19:34:28] PLANIFICADOR: Prioridades selecciona: Proceso1 (prioridad: 1) - Proceso1 (P5) - PC: 10/10 - Estado: TERMINADO
[19:34:28] TERMINACION: Proceso terminado - Proceso1 (P5) - PC: 10/10 - Estado: TERMINADO
[19:34:29] DESBLOQUEO: Proceso desbloqueado - Proceso1 (P4) - PC: 3/3 - Estado: LISTO
[19:34:29] PLANIFICADOR: Prioridades selecciona: Proceso1 (prioridad: 1) - Proceso1 (P6) - PC: 10/10 - Estado: TERMINADO
[19:34:29] TERMINACION: Proceso terminado - Proceso1 (P6) - PC: 10/10 - Estado: TERMINADO
[19:34:30] PLANIFICADOR: Prioridades selecciona: Proceso1 (prioridad: 1) - Proceso1 (P7) - PC: 10/10 - Estado: TERMINADO
[19:34:30] TERMINACION: Proceso terminado - Proceso1 (P7) - PC: 10/10 - Estado: TERMINADO
[19:34:31] PLANIFICADOR: Prioridades selecciona: Proceso1 (prioridad: 1) - Proceso1 (P1) - PC: 10/10 - Estado: TERMINADO
[19:34:31] TERMINACION: Proceso terminado - Proceso1 (P1) - PC: 10/10 - Estado: TERMINADO
[19:34:32] PLANIFICADOR: Prioridades selecciona: Proceso1 (prioridad: 1) - Proceso1 (P2) - PC: 3/3 - Estado: TERMINADO
[19:34:32] TERMINACION: Proceso terminado - Proceso1 (P2) - PC: 3/3 - Estado: TERMINADO
[19:34:33] PLANIFICADOR: Prioridades selecciona: Proceso1 (prioridad: 1) - Proceso1 (P3) - PC: 3/3 - Estado: LISTO
[19:34:33] BLOQUEO: Proceso bloqueado por E/S - Proceso1 (P3) - PC: 3/3 - Estado: BLOQUEADO
[19:34:33] EXCEPCION: Iniciando manejo de E/S para proceso - Proceso1 (P3) - PC: 3/3 - Estado: BLOQUEADO
[19:34:34] PLANIFICADOR: Prioridades selecciona: Proceso1 (prioridad: 1) - Proceso1 (P4) - PC: 3/3 - Estado: LISTO
[19:34:34] BLOQUEO: Proceso bloqueado por E/S - Proceso1 (P4) - PC: 3/3 - Estado: BLOQUEADO
[19:34:34] EXCEPCION: Iniciando manejo de E/S para proceso - Proceso1 (P4) - PC: 3/3 - Estado: BLOQUEADO
[19:34:35] PLANIFICADOR: Prioridades selecciona: Proceso1 (prioridad: 1) - Proceso1 (P5) - PC: 10/10 - Estado: TERMINADO
[19:34:35] TERMINACION: Proceso terminado - Proceso1 (P5) - PC: 10/10 - Estado: TERMINADO
[19:34:35] DESBLOQUEO: Proceso desbloqueado - Proceso1 (P3) - PC: 3/3 - Estado: LISTO
[19:34:36] DESBLOQUEO: Proceso desbloqueado - Proceso1 (P4) - PC: 3/3 - Estado: LISTO
[19:34:36] PLANIFICADOR: Prioridades selecciona: Proceso1 (prioridad: 1) - Proceso1 (P6) - PC: 10/10 - Estado: TERMINADO
[19:34:36] TERMINACION: Proceso terminado - Proceso1 (P6) - PC: 10/10 - Estado: TERMINADO
[19:34:37] PLANIFICADOR: Prioridades selecciona: Proceso1 (prioridad: 1) - Proceso1 (P7) - PC: 10/10 - Estado: TERMINADO
[19:34:37] TERMINACION: Proceso terminado - Proceso1 (P7) - PC: 10/10 - Estado: TERMINADO
[19:34:38] PLANIFICADOR: Prioridades selecciona: Proceso1 (prioridad: 1) - Proceso1 (P1) - PC: 10/10 - Estado: TERMINADO
[19:34:38] TERMINACION: Proceso terminado - Proceso1 (P1) - PC: 10/10 - Estado: TERMINADO
[19:34:39] PLANIFICADOR: Prioridades selecciona: Proceso1 (prioridad: 1) - Proceso1 (P2) - PC: 3/3 - Estado: TERMINADO
[19:34:39] TERMINACION: Proceso terminado - Proceso1 (P2) - PC: 3/3 - Estado: TERMINADO
[19:34:40] PLANIFICADOR: Prioridades selecciona: Proceso1 (prioridad: 1) - Proceso1 (P3) - PC: 3/3 - Estado: LISTO
[19:34:40] BLOQUEO: Proceso bloqueado por E/S - Proceso1 (P3) - PC: 3/3 - Estado: BLOQUEADO
[19:34:40] EXCEPCION: Iniciando manejo de E/S para proceso - Proceso1 (P3) - PC: 3/3 - Estado: BLOQUEADO
[19:34:41] PLANIFICADOR: Prioridades selecciona: Proceso1 (prioridad: 1) - Proceso1 (P4) - PC: 3/3 - Estado: LISTO
[19:34:41] BLOQUEO: Proceso bloqueado por E/S - Proceso1 (P4) - PC: 3/3 - Estado: BLOQUEADO
[19:34:41] EXCEPCION: Iniciando manejo de E/S para proceso - Proceso1 (P4) - PC: 3/3 - Estado: BLOQUEADO
[19:34:42] DESBLOQUEO: Proceso desbloqueado - Proceso1 (P3) - PC: 3/3 - Estado: LISTO
[19:34:42] PLANIFICADOR: Prioridades selecciona: Proceso1 (prioridad: 1) - Proceso1 (P5) - PC: 10/10 - Estado: TERMINADO
[19:34:42] TERMINACION: Proceso terminado - Proceso1 (P5) - PC: 10/10 - Estado: TERMINADO
[19:34:43] PLANIFICADOR: Prioridades selecciona: Proceso1 (prioridad: 1) - Proceso1 (P6) - PC: 10/10 - Estado: TERMINADO
[19:34:43] TERMINACION: Proceso terminado - Proceso1 (P6) - PC: 10/10 - Estado: TERMINADO
[19:34:43] DESBLOQUEO: Proceso desbloqueado - Proceso1 (P4) - PC: 3/3 - Estado: LISTO
[19:34:44] PLANIFICADOR: Prioridades selecciona: Proceso1 (prioridad: 1) - Proceso1 (P7) - PC: 10/10 - Estado: TERMINADO
[19:34:44] TERMINACION: Proceso terminado - Proceso1 (P7) - PC: 10/10 - Estado: TERMINADO
[19:34:45] PLANIFICADOR: Prioridades selecciona: Proceso1 (prioridad: 1) - Proceso1 (P1) - PC: 10/10 - Estado: TERMINADO
[19:34:45] TERMINACION: Proceso terminado - Proceso1 (P1) - PC: 10/10 - Estado: TERMINADO
[19:35:57] SISTEMA: Cambiado planificador a: FCFS - Sistema
[19:36:00] MEMORIA: Proceso cargado en memoria - Proceso1 (P1) - PC: 0/10 - Estado: NUEVO
[19:36:00] SISTEMA: Proceso agregado a cola de listos - Proceso1 (P1) - PC: 0/10 - Estado: LISTO
[19:36:05] SISTEMA: Simulación iniciada - Sistema
[19:36:05] INTERFAZ: Simulación iniciada por usuario - Sistema
[19:36:09] PLANIFICADOR: FCFS selecciona: Proceso1 - Proceso1 (P1) - PC: 0/10 - Estado: LISTO
[19:36:13] PLANIFICADOR: FCFS selecciona: Proceso1 - Proceso1 (P1) - PC: 1/10 - Estado: LISTO
[19:36:17] PLANIFICADOR: FCFS selecciona: Proceso1 - Proceso1 (P1) - PC: 2/10 - Estado: LISTO
[19:36:22] PLANIFICADOR: FCFS selecciona: Proceso1 - Proceso1 (P1) - PC: 3/10 - Estado: LISTO
[19:36:25] SISTEMA: Simulación pausada - Sistema
[19:36:30] SISTEMA: Simulación reanudada - Sistema
[19:36:30] PLANIFICADOR: FCFS selecciona: Proceso1 - Proceso1 (P1) - PC: 4/10 - Estado: LISTO
[19:36:31] PLANIFICADOR: FCFS selecciona: Proceso1 - Proceso1 (P1) - PC: 5/10 - Estado: LISTO
[19:36:32] PLANIFICADOR: FCFS selecciona: Proceso1 - Proceso1 (P1) - PC: 6/10 - Estado: LISTO
[19:36:33] PLANIFICADOR: FCFS selecciona: Proceso1 - Proceso1 (P1) - PC: 7/10 - Estado: LISTO
[19:36:34] PLANIFICADOR: FCFS selecciona: Proceso1 - Proceso1 (P1) - PC: 8/10 - Estado: LISTO
[19:36:36] PLANIFICADOR: FCFS selecciona: Proceso1 - Proceso1 (P1) - PC: 9/10 - Estado: LISTO
[19:36:36] TERMINACION: Proceso terminado - Proceso1 (P1) - PC: 10/10 - Estado: TERMINADO
[19:36:37] PLANIFICADOR: FCFS selecciona: Proceso1 - Proceso1 (P1) - PC: 10/10 - Estado: TERMINADO
[19:36:37] TERMINACION: Proceso terminado - Proceso1 (P1) - PC: 10/10 - Estado: TERMINADO
[19:36:38] PLANIFICADOR: FCFS selecciona: Proceso1 - Proceso1 (P1) - PC: 10/10 - Estado: TERMINADO
[19:36:38] TERMINACION: Proceso terminado - Proceso1 (P1) - PC: 10/10 - Estado: TERMINADO
[19:36:39] PLANIFICADOR: FCFS selecciona: Proceso1 - Proceso1 (P1) - PC: 10/10 - Estado: TERMINADO
[19:36:39] TERMINACION: Proceso terminado - Proceso1 (P1) - PC: 10/10 - Estado: TERMINADO
[19:36:40] PLANIFICADOR: FCFS selecciona: Proceso1 - Proceso1 (P1) - PC: 10/10 - Estado: TERMINADO
[19:36:40] TERMINACION: Proceso terminado - Proceso1 (P1) - PC: 10/10 - Estado: TERMINADO
[19:36:41] PLANIFICADOR: FCFS selecciona: Proceso1 - Proceso1 (P1) - PC: 10/10 - Estado: TERMINADO
[19:36:41] TERMINACION: Proceso terminado - Proceso1 (P1) - PC: 10/10 - Estado: TERMINADO
[19:36:43] PLANIFICADOR: FCFS selecciona: Proceso1 - Proceso1 (P1) - PC: 10/10 - Estado: TERMINADO
[19:36:43] TERMINACION: Proceso terminado - Proceso1 (P1) - PC: 10/10 - Estado: TERMINADO
[19:36:44] PLANIFICADOR: FCFS selecciona: Proceso1 - Proceso1 (P1) - PC: 10/10 - Estado: TERMINADO
[19:36:44] TERMINACION: Proceso terminado - Proceso1 (P1) - PC: 10/10 - Estado: TERMINADO
[19:36:45] PLANIFICADOR: FCFS selecciona: Proceso1 - Proceso1 (P1) - PC: 10/10 - Estado: TERMINADO
[19:36:45] TERMINACION: Proceso terminado - Proceso1 (P1) - PC: 10/10 - Estado: TERMINADO
[19:36:46] PLANIFICADOR: FCFS selecciona: Proceso1 - Proceso1 (P1) - PC: 10/10 - Estado: TERMINADO
[19:36:46] TERMINACION: Proceso terminado - Proceso1 (P1) - PC: 10/10 - Estado: TERMINADO
[19:36:47] PLANIFICADOR: FCFS selecciona: Proceso1 - Proceso1 (P1) - PC: 10/10 - Estado: TERMINADO
[19:36:47] TERMINACION: Proceso terminado - Proceso1 (P1) - PC: 10/10 - Estado: TERMINADO
[19:36:48] PLANIFICADOR: FCFS selecciona: Proceso1 - Proceso1 (P1) - PC: 10/10 - Estado: TERMINADO
[19:36:48] TERMINACION: Proceso terminado - Proceso1 (P1) - PC: 10/10 - Estado: TERMINADO
[19:36:49] PLANIFICADOR: FCFS selecciona: Proceso1 - Proceso1 (P1) - PC: 10/10 - Estado: TERMINADO
[19:36:49] TERMINACION: Proceso terminado - Proceso1 (P1) - PC: 10/10 - Estado: TERMINADO
[19:36:51] PLANIFICADOR: FCFS selecciona: Proceso1 - Proceso1 (P1) - PC: 10/10 - Estado: TERMINADO
[19:36:51] TERMINACION: Proceso terminado - Proceso1 (P1) - PC: 10/10 - Estado: TERMINADO
[19:36:52] PLANIFICADOR: FCFS selecciona: Proceso1 - Proceso1 (P1) - PC: 10/10 - Estado: TERMINADO
[19:36:52] TERMINACION: Proceso terminado - Proceso1 (P1) - PC: 10/10 - Estado: TERMINADO
[19:36:53] PLANIFICADOR: FCFS selecciona: Proceso1 - Proceso1 (P1) - PC: 10/10 - Estado: TERMINADO
[19:36:53] TERMINACION: Proceso terminado - Proceso1 (P1) - PC: 10/10 - Estado: TERMINADO
[19:36:54] PLANIFICADOR: FCFS selecciona: Proceso1 - Proceso1 (P1) - PC: 10/10 - Estado: TERMINADO
[19:36:54] TERMINACION: Proceso terminado - Proceso1 (P1) - PC: 10/10 - Estado: TERMINADO
[19:36:55] PLANIFICADOR: FCFS selecciona: Proceso1 - Proceso1 (P1) - PC: 10/10 - Estado: TERMINADO
[19:36:55] TERMINACION: Proceso terminado - Proceso1 (P1) - PC: 10/10 - Estado: TERMINADO
[19:36:56] PLANIFICADOR: FCFS selecciona: Proceso1 - Proceso1 (P1) - PC: 10/10 - Estado: TERMINADO
[19:36:56] TERMINACION: Proceso terminado - Proceso1 (P1) - PC: 10/10 - Estado: TERMINADO
[19:36:58] PLANIFICADOR: FCFS selecciona: Proceso1 - Proceso1 (P1) - PC: 10/10 - Estado: TERMINADO
[19:36:58] TERMINACION: Proceso terminado - Proceso1 (P1) - PC: 10/10 - Estado: TERMINADO
[19:36:59] PLANIFICADOR: FCFS selecciona: Proceso1 - Proceso1 (P1) - PC: 10/10 - Estado: TERMINADO
[19:36:59] TERMINACION: Proceso terminado - Proceso1 (P1) - PC: 10/10 - Estado: TERMINADO
[19:37:00] PLANIFICADOR: FCFS selecciona: Proceso1 - Proceso1 (P1) - PC: 10/10 - Estado: TERMINADO
[19:37:00] TERMINACION: Proceso terminado - Proceso1 (P1) - PC: 10/10 - Estado: TERMINADO
[19:37:01] PLANIFICADOR: FCFS selecciona: Proceso1 - Proceso1 (P1) - PC: 10/10 - Estado: TERMINADO
[19:37:01] TERMINACION: Proceso terminado - Proceso1 (P1) - PC: 10/10 - Estado: TERMINADO
[19:37:02] PLANIFICADOR: FCFS selecciona: Proceso1 - Proceso1 (P1) - PC: 10/10 - Estado: TERMINADO
[19:37:02] TERMINACION: Proceso terminado - Proceso1 (P1) - PC: 10/10 - Estado: TERMINADO
[19:37:03] PLANIFICADOR: FCFS selecciona: Proceso1 - Proceso1 (P1) - PC: 10/10 - Estado: TERMINADO
[19:37:03] TERMINACION: Proceso terminado - Proceso1 (P1) - PC: 10/10 - Estado: TERMINADO
[19:37:05] PLANIFICADOR: FCFS selecciona: Proceso1 - Proceso1 (P1) - PC: 10/10 - Estado: TERMINADO
[19:37:05] TERMINACION: Proceso terminado - Proceso1 (P1) - PC: 10/10 - Estado: TERMINADO
[19:37:06] PLANIFICADOR: FCFS selecciona: Proceso1 - Proceso1 (P1) - PC: 10/10 - Estado: TERMINADO
[19:37:06] TERMINACION: Proceso terminado - Proceso1 (P1) - PC: 10/10 - Estado: TERMINADO
[19:37:07] PLANIFICADOR: FCFS selecciona: Proceso1 - Proceso1 (P1) - PC: 10/10 - Estado: TERMINADO
[19:37:07] TERMINACION: Proceso terminado - Proceso1 (P1) - PC: 10/10 - Estado: TERMINADO
[19:37:08] PLANIFICADOR: FCFS selecciona: Proceso1 - Proceso1 (P1) - PC: 10/10 - Estado: TERMINADO
[19:37:08] TERMINACION: Proceso terminado - Proceso1 (P1) - PC: 10/10 - Estado: TERMINADO
[20:28:41] SISTEMA: Cambiado planificador a: FCFS - Sistema
[20:28:49] MEMORIA: Proceso cargado en memoria - Proceso1 (P1) - PC: 0/10 - Estado: NUEVO
[20:28:49] SISTEMA: Proceso agregado a cola de listos - Proceso1 (P1) - PC: 0/10 - Estado: LISTO
[20:28:55] SISTEMA: Simulación iniciada - Sistema
[20:28:55] INTERFAZ: Simulación iniciada por usuario - Sistema
[20:28:56] PLANIFICADOR: FCFS selecciona: Proceso1 - Proceso1 (P1) - PC: 0/10 - Estado: LISTO
[20:28:57] PLANIFICADOR: FCFS selecciona: Proceso1 - Proceso1 (P1) - PC: 1/10 - Estado: LISTO
[20:28:58] PLANIFICADOR: FCFS selecciona: Proceso1 - Proceso1 (P1) - PC: 2/10 - Estado: LISTO
[20:28:59] PLANIFICADOR: FCFS selecciona: Proceso1 - Proceso1 (P1) - PC: 3/10 - Estado: LISTO
[20:29:00] PLANIFICADOR: FCFS selecciona: Proceso1 - Proceso1 (P1) - PC: 4/10 - Estado: LISTO
[20:29:01] PLANIFICADOR: FCFS selecciona: Proceso1 - Proceso1 (P1) - PC: 5/10 - Estado: LISTO
[20:29:02] PLANIFICADOR: FCFS selecciona: Proceso1 - Proceso1 (P1) - PC: 6/10 - Estado: LISTO
[20:29:03] PLANIFICADOR: FCFS selecciona: Proceso1 - Proceso1 (P1) - PC: 7/10 - Estado: LISTO
[20:29:04] PLANIFICADOR: FCFS selecciona: Proceso1 - Proceso1 (P1) - PC: 8/10 - Estado: LISTO
[20:29:05] PLANIFICADOR: FCFS selecciona: Proceso1 - Proceso1 (P1) - PC: 9/10 - Estado: LISTO
[20:29:05] TERMINACION: Proceso terminado - Proceso1 (P1) - PC: 10/10 - Estado: TERMINADO
[20:29:06] PLANIFICADOR: FCFS selecciona: Proceso1 - Proceso1 (P1) - PC: 10/10 - Estado: TERMINADO
[20:29:06] TERMINACION: Proceso terminado - Proceso1 (P1) - PC: 10/10 - Estado: TERMINADO
[20:29:07] PLANIFICADOR: FCFS selecciona: Proceso1 - Proceso1 (P1) - PC: 10/10 - Estado: TERMINADO
[20:29:07] TERMINACION: Proceso terminado - Proceso1 (P1) - PC: 10/10 - Estado: TERMINADO
[20:29:08] PLANIFICADOR: FCFS selecciona: Proceso1 - Proceso1 (P1) - PC: 10/10 - Estado: TERMINADO
[20:29:08] TERMINACION: Proceso terminado - Proceso1 (P1) - PC: 10/10 - Estado: TERMINADO
[20:29:09] PLANIFICADOR: FCFS selecciona: Proceso1 - Proceso1 (P1) - PC: 10/10 - Estado: TERMINADO
[20:29:09] TERMINACION: Proceso terminado - Proceso1 (P1) - PC: 10/10 - Estado: TERMINADO
[20:29:10] PLANIFICADOR: FCFS selecciona: Proceso1 - Proceso1 (P1) - PC: 10/10 - Estado: TERMINADO
[20:29:10] TERMINACION: Proceso terminado - Proceso1 (P1) - PC: 10/10 - Estado: TERMINADO
[20:29:11] PLANIFICADOR: FCFS selecciona: Proceso1 - Proceso1 (P1) - PC: 10/10 - Estado: TERMINADO
[20:29:11] TERMINACION: Proceso terminado - Proceso1 (P1) - PC: 10/10 - Estado: TERMINADO
[20:29:12] PLANIFICADOR: FCFS selecciona: Proceso1 - Proceso1 (P1) - PC: 10/10 - Estado: TERMINADO
[20:29:12] TERMINACION: Proceso terminado - Proceso1 (P1) - PC: 10/10 - Estado: TERMINADO
[20:29:13] PLANIFICADOR: FCFS selecciona: Proceso1 - Proceso1 (P1) - PC: 10/10 - Estado: TERMINADO
[20:29:13] TERMINACION: Proceso terminado - Proceso1 (P1) - PC: 10/10 - Estado: TERMINADO
[20:29:14] PLANIFICADOR: FCFS selecciona: Proceso1 - Proceso1 (P1) - PC: 10/10 - Estado: TERMINADO
[20:29:14] TERMINACION: Proceso terminado - Proceso1 (P1) - PC: 10/10 - Estado: TERMINADO
[20:29:15] PLANIFICADOR: FCFS selecciona: Proceso1 - Proceso1 (P1) - PC: 10/10 - Estado: TERMINADO
[20:29:15] TERMINACION: Proceso terminado - Proceso1 (P1) - PC: 10/10 - Estado: TERMINADO
[20:29:16] PLANIFICADOR: FCFS selecciona: Proceso1 - Proceso1 (P1) - PC: 10/10 - Estado: TERMINADO
[20:29:16] TERMINACION: Proceso terminado - Proceso1 (P1) - PC: 10/10 - Estado: TERMINADO
[20:29:17] PLANIFICADOR: FCFS selecciona: Proceso1 - Proceso1 (P1) - PC: 10/10 - Estado: TERMINADO
[20:29:17] TERMINACION: Proceso terminado - Proceso1 (P1) - PC: 10/10 - Estado: TERMINADO
[20:29:18] PLANIFICADOR: FCFS selecciona: Proceso1 - Proceso1 (P1) - PC: 10/10 - Estado: TERMINADO
[20:29:18] TERMINACION: Proceso terminado - Proceso1 (P1) - PC: 10/10 - Estado: TERMINADO
[20:29:19] PLANIFICADOR: FCFS selecciona: Proceso1 - Proceso1 (P1) - PC: 10/10 - Estado: TERMINADO
[20:29:19] TERMINACION: Proceso terminado - Proceso1 (P1) - PC: 10/10 - Estado: TERMINADO
[20:29:20] PLANIFICADOR: FCFS selecciona: Proceso1 - Proceso1 (P1) - PC: 10/10 - Estado: TERMINADO
[20:29:20] TERMINACION: Proceso terminado - Proceso1 (P1) - PC: 10/10 - Estado: TERMINADO
[20:29:21] PLANIFICADOR: FCFS selecciona: Proceso1 - Proceso1 (P1) - PC: 10/10 - Estado: TERMINADO
[20:29:21] TERMINACION: Proceso terminado - Proceso1 (P1) - PC: 10/10 - Estado: TERMINADO
[20:29:22] PLANIFICADOR: FCFS selecciona: Proceso1 - Proceso1 (P1) - PC: 10/10 - Estado: TERMINADO
[20:29:22] TERMINACION: Proceso terminado - Proceso1 (P1) - PC: 10/10 - Estado: TERMINADO
[20:29:23] PLANIFICADOR: FCFS selecciona: Proceso1 - Proceso1 (P1) - PC: 10/10 - Estado: TERMINADO
[20:29:23] TERMINACION: Proceso terminado - Proceso1 (P1) - PC: 10/10 - Estado: TERMINADO
[20:29:24] PLANIFICADOR: FCFS selecciona: Proceso1 - Proceso1 (P1) - PC: 10/10 - Estado: TERMINADO
[20:29:24] TERMINACION: Proceso terminado - Proceso1 (P1) - PC: 10/10 - Estado: TERMINADO
[20:29:25] PLANIFICADOR: FCFS selecciona: Proceso1 - Proceso1 (P1) - PC: 10/10 - Estado: TERMINADO
[20:29:25] TERMINACION: Proceso terminado - Proceso1 (P1) - PC: 10/10 - Estado: TERMINADO
[20:29:26] PLANIFICADOR: FCFS selecciona: Proceso1 - Proceso1 (P1) - PC: 10/10 - Estado: TERMINADO
[20:29:26] TERMINACION: Proceso terminado - Proceso1 (P1) - PC: 10/10 - Estado: TERMINADO
[20:29:27] PLANIFICADOR: FCFS selecciona: Proceso1 - Proceso1 (P1) - PC: 10/10 - Estado: TERMINADO
[20:29:27] TERMINACION: Proceso terminado - Proceso1 (P1) - PC: 10/10 - Estado: TERMINADO
[20:29:28] PLANIFICADOR: FCFS selecciona: Proceso1 - Proceso1 (P1) - PC: 10/10 - Estado: TERMINADO
[20:29:28] TERMINACION: Proceso terminado - Proceso1 (P1) - PC: 10/10 - Estado: TERMINADO
[20:29:29] PLANIFICADOR: FCFS selecciona: Proceso1 - Proceso1 (P1) - PC: 10/10 - Estado: TERMINADO
[20:29:29] TERMINACION: Proceso terminado - Proceso1 (P1) - PC: 10/10 - Estado: TERMINADO
[20:29:30] PLANIFICADOR: FCFS selecciona: Proceso1 - Proceso1 (P1) - PC: 10/10 - Estado: TERMINADO
[20:29:30] TERMINACION: Proceso terminado - Proceso1 (P1) - PC: 10/10 - Estado: TERMINADO
[20:29:31] PLANIFICADOR: FCFS selecciona: Proceso1 - Proceso1 (P1) - PC: 10/10 - Estado: TERMINADO
[20:29:31] TERMINACION: Proceso terminado - Proceso1 (P1) - PC: 10/10 - Estado: TERMINADO
[20:29:32] PLANIFICADOR: FCFS selecciona: Proceso1 - Proceso1 (P1) - PC: 10/10 - Estado: TERMINADO
[20:29:32] TERMINACION: Proceso terminado - Proceso1 (P1) - PC: 10/10 - Estado: TERMINADO
[20:29:35] PLANIFICADOR: FCFS selecciona: Proceso1 - Proceso1 (P1) - PC: 10/10 - Estado: TERMINADO
[20:29:35] TERMINACION: Proceso terminado - Proceso1 (P1) - PC: 10/10 - Estado: TERMINADO
[20:29:36] PLANIFICADOR: FCFS selecciona: Proceso1 - Proceso1 (P1) - PC: 10/10 - Estado: TERMINADO
[20:29:36] TERMINACION: Proceso terminado - Proceso1 (P1) - PC: 10/10 - Estado: TERMINADO
[20:29:37] PLANIFICADOR: FCFS selecciona: Proceso1 - Proceso1 (P1) - PC: 10/10 - Estado: TERMINADO
[20:29:37] TERMINACION: Proceso terminado - Proceso1 (P1) - PC: 10/10 - Estado: TERMINADO
[20:29:38] PLANIFICADOR: FCFS selecciona: Proceso1 - Proceso1 (P1) - PC: 10/10 - Estado: TERMINADO
[20:29:38] TERMINACION: Proceso terminado - Proceso1 (P1) - PC: 10/10 - Estado: TERMINADO
[20:29:40] PLANIFICADOR: FCFS selecciona: Proceso1 - Proceso1 (P1) - PC: 10/10 - Estado: TERMINADO
[20:29:40] TERMINACION: Proceso terminado - Proceso1 (P1) - PC: 10/10 - Estado: TERMINADO
[20:29:42] PLANIFICADOR: FCFS selecciona: Proceso1 - Proceso1 (P1) - PC: 10/10 - Estado: TERMINADO
[20:29:42] TERMINACION: Proceso terminado - Proceso1 (P1) - PC: 10/10 - Estado: TERMINADO
[20:29:44] PLANIFICADOR: FCFS selecciona: Proceso1 - Proceso1 (P1) - PC: 10/10 - Estado: TERMINADO
[20:29:44] TERMINACION: Proceso terminado - Proceso1 (P1) - PC: 10/10 - Estado: TERMINADO
[20:29:46] PLANIFICADOR: FCFS selecciona: Proceso1 - Proceso1 (P1) - PC: 10/10 - Estado: TERMINADO
[20:29:46] TERMINACION: Proceso terminado - Proceso1 (P1) - PC: 10/10 - Estado: TERMINADO
[20:29:48] PLANIFICADOR: FCFS selecciona: Proceso1 - Proceso1 (P1) - PC: 10/10 - Estado: TERMINADO
[20:29:48] TERMINACION: Proceso terminado - Proceso1 (P1) - PC: 10/10 - Estado: TERMINADO
[20:29:50] PLANIFICADOR: FCFS selecciona: Proceso1 - Proceso1 (P1) - PC: 10/10 - Estado: TERMINADO
[20:29:50] TERMINACION: Proceso terminado - Proceso1 (P1) - PC: 10/10 - Estado: TERMINADO
[20:29:52] PLANIFICADOR: FCFS selecciona: Proceso1 - Proceso1 (P1) - PC: 10/10 - Estado: TERMINADO
[20:29:52] TERMINACION: Proceso terminado - Proceso1 (P1) - PC: 10/10 - Estado: TERMINADO
[20:33:10] SISTEMA: Cambiado planificador a: FCFS - Sistema
[20:33:17] MEMORIA: Proceso cargado en memoria - Proceso1 (P1) - PC: 0/10 - Estado: NUEVO
[20:33:17] SISTEMA: Proceso agregado a cola de listos - Proceso1 (P1) - PC: 0/10 - Estado: LISTO
[20:33:28] SISTEMA: Simulación iniciada - Sistema
[20:33:28] INTERFAZ: Simulación iniciada por usuario - Sistema
[20:33:30] PLANIFICADOR: FCFS selecciona: Proceso1 - Proceso1 (P1) - PC: 0/10 - Estado: LISTO
[20:33:32] PLANIFICADOR: FCFS selecciona: Proceso1 - Proceso1 (P1) - PC: 1/10 - Estado: LISTO
[20:33:34] PLANIFICADOR: FCFS selecciona: Proceso1 - Proceso1 (P1) - PC: 2/10 - Estado: LISTO
[20:33:36] PLANIFICADOR: FCFS selecciona: Proceso1 - Proceso1 (P1) - PC: 3/10 - Estado: LISTO
[20:33:38] PLANIFICADOR: FCFS selecciona: Proceso1 - Proceso1 (P1) - PC: 4/10 - Estado: LISTO
[20:33:40] PLANIFICADOR: FCFS selecciona: Proceso1 - Proceso1 (P1) - PC: 5/10 - Estado: LISTO
[20:33:42] PLANIFICADOR: FCFS selecciona: Proceso1 - Proceso1 (P1) - PC: 6/10 - Estado: LISTO
[20:33:44] PLANIFICADOR: FCFS selecciona: Proceso1 - Proceso1 (P1) - PC: 7/10 - Estado: LISTO
[20:33:46] PLANIFICADOR: FCFS selecciona: Proceso1 - Proceso1 (P1) - PC: 8/10 - Estado: LISTO
[20:33:49] PLANIFICADOR: FCFS selecciona: Proceso1 - Proceso1 (P1) - PC: 9/10 - Estado: LISTO
[20:33:49] TERMINACION: Proceso terminado - Proceso1 (P1) - PC: 10/10 - Estado: TERMINADO
[20:33:51] PLANIFICADOR: FCFS selecciona: Proceso1 - Proceso1 (P1) - PC: 10/10 - Estado: TERMINADO
[20:33:51] TERMINACION: Proceso terminado - Proceso1 (P1) - PC: 10/10 - Estado: TERMINADO
[20:33:53] PLANIFICADOR: FCFS selecciona: Proceso1 - Proceso1 (P1) - PC: 10/10 - Estado: TERMINADO
[20:33:53] TERMINACION: Proceso terminado - Proceso1 (P1) - PC: 10/10 - Estado: TERMINADO
[20:33:55] PLANIFICADOR: FCFS selecciona: Proceso1 - Proceso1 (P1) - PC: 10/10 - Estado: TERMINADO
[20:33:55] TERMINACION: Proceso terminado - Proceso1 (P1) - PC: 10/10 - Estado: TERMINADO
[20:33:57] PLANIFICADOR: FCFS selecciona: Proceso1 - Proceso1 (P1) - PC: 10/10 - Estado: TERMINADO
[20:33:57] TERMINACION: Proceso terminado - Proceso1 (P1) - PC: 10/10 - Estado: TERMINADO
[14:34:43] SISTEMA: Cambiado planificador a: FCFS - Sistema
[14:34:43] SISTEMA: Cambiado planificador a: FCFS - Sistema
[14:34:47] SISTEMA: Simulación iniciada - Sistema
[14:34:47] INTERFAZ: Simulación iniciada por usuario - Sistema
[14:34:48] SISTEMA: Simulación pausada - Sistema
[14:34:50] SISTEMA: Simulación iniciada - Sistema
[14:34:50] INTERFAZ: Simulación iniciada por usuario - Sistema
